06-Oct-2015 10:28:17.361 SEVERE [WrapperSimpleAppMain] org.apache.catalina.startup.Catalina.initDirs Cannot find specified temporary folder at ../tomcat/temp
06-Oct-2015 10:28:18.114 INFO [WrapperSimpleAppMain] org.apache.coyote.AbstractProtocol.init Initializing ProtocolHandler ["http-nio-8081"]
06-Oct-2015 10:28:18.156 INFO [WrapperSimpleAppMain] org.apache.tomcat.util.net.NioSelectorPool.getSharedSelector Using a shared selector for servlet write/read
06-Oct-2015 10:28:18.164 INFO [WrapperSimpleAppMain] org.apache.catalina.startup.Catalina.load Initialization processed in 804 ms
06-Oct-2015 10:28:18.216 INFO [WrapperSimpleAppMain] org.apache.catalina.core.StandardService.startInternal Starting service Catalina
06-Oct-2015 10:28:18.218 INFO [WrapperSimpleAppMain] org.apache.catalina.core.StandardEngine.startInternal Starting Servlet Engine: Apache Tomcat/8.0.15
06-Oct-2015 10:28:30.888 INFO [WrapperSimpleAppMain] org.apache.coyote.AbstractProtocol.start Starting ProtocolHandler ["http-nio-8081"]
06-Oct-2015 10:28:30.898 INFO [WrapperSimpleAppMain] org.apache.catalina.startup.Catalina.start Server startup in 12732 ms
06-Oct-2015 10:46:35.896 INFO [Thread-4] org.apache.coyote.AbstractProtocol.pause Pausing ProtocolHandler ["http-nio-8081"]
06-Oct-2015 10:46:35.952 INFO [Thread-4] org.apache.catalina.core.StandardService.stopInternal Stopping service Catalina
06-Oct-2015 10:46:35.990 WARNING [localhost-startStop-2] org.apache.catalina.loader.WebappClassLoaderBase.clearReferencesJdbc The web application [api] registered the JDBC driver [org.h2.Driver] but failed to unregister it when the web application was stopped. To prevent a memory leak, the JDBC Driver has been forcibly unregistered.
06-Oct-2015 10:46:35.990 WARNING [localhost-startStop-2] org.apache.catalina.loader.WebappClassLoaderBase.clearReferencesJdbc The web application [api] registered the JDBC driver [com.mysql.fabric.jdbc.FabricMySQLDriver] but failed to unregister it when the web application was stopped. To prevent a memory leak, the JDBC Driver has been forcibly unregistered.
06-Oct-2015 10:46:35.991 WARNING [localhost-startStop-2] org.apache.catalina.loader.WebappClassLoaderBase.clearReferencesJdbc The web application [api] registered the JDBC driver [com.mysql.jdbc.Driver] but failed to unregister it when the web application was stopped. To prevent a memory leak, the JDBC Driver has been forcibly unregistered.
06-Oct-2015 10:46:35.994 WARNING [localhost-startStop-2] org.apache.catalina.loader.WebappClassLoaderBase.clearReferencesThreads The web application [api] appears to have started a thread named [Abandoned connection cleanup thread] but has failed to stop it. This is very likely to create a memory leak. Stack trace of thread:
 java.lang.Object.wait(Native Method)
 java.lang.ref.ReferenceQueue.remove(ReferenceQueue.java:142)
 com.mysql.jdbc.AbandonedConnectionCleanupThread.run(AbandonedConnectionCleanupThread.java:41)
06-Oct-2015 10:46:36.010 INFO [Thread-4] org.apache.coyote.AbstractProtocol.stop Stopping ProtocolHandler ["http-nio-8081"]
06-Oct-2015 10:46:36.021 INFO [Thread-4] org.apache.coyote.AbstractProtocol.destroy Destroying ProtocolHandler ["http-nio-8081"]
06-Oct-2015 10:48:19.095 SEVERE [WrapperSimpleAppMain] org.apache.catalina.startup.Catalina.initDirs Cannot find specified temporary folder at ../tomcat/temp
06-Oct-2015 10:48:21.067 INFO [WrapperSimpleAppMain] org.apache.coyote.AbstractProtocol.init Initializing ProtocolHandler ["http-nio-8081"]
06-Oct-2015 10:48:21.146 INFO [WrapperSimpleAppMain] org.apache.tomcat.util.net.NioSelectorPool.getSharedSelector Using a shared selector for servlet write/read
06-Oct-2015 10:48:21.178 INFO [WrapperSimpleAppMain] org.apache.catalina.startup.Catalina.load Initialization processed in 2083 ms
06-Oct-2015 10:48:21.273 INFO [WrapperSimpleAppMain] org.apache.catalina.core.StandardService.startInternal Starting service Catalina
06-Oct-2015 10:48:21.274 INFO [WrapperSimpleAppMain] org.apache.catalina.core.StandardEngine.startInternal Starting Servlet Engine: Apache Tomcat/8.0.15
06-Oct-2015 10:48:38.793 INFO [WrapperSimpleAppMain] org.apache.coyote.AbstractProtocol.start Starting ProtocolHandler ["http-nio-8081"]
06-Oct-2015 10:48:38.801 INFO [WrapperSimpleAppMain] org.apache.catalina.startup.Catalina.start Server startup in 17618 ms
06-Oct-2015 10:51:40.880 INFO [Thread-4] org.apache.coyote.AbstractProtocol.pause Pausing ProtocolHandler ["http-nio-8081"]
06-Oct-2015 10:51:40.936 INFO [Thread-4] org.apache.catalina.core.StandardService.stopInternal Stopping service Catalina
06-Oct-2015 10:51:41.339 WARNING [localhost-startStop-2] org.apache.catalina.loader.WebappClassLoaderBase.clearReferencesJdbc The web application [api] registered the JDBC driver [org.h2.Driver] but failed to unregister it when the web application was stopped. To prevent a memory leak, the JDBC Driver has been forcibly unregistered.
06-Oct-2015 10:51:41.343 WARNING [localhost-startStop-2] org.apache.catalina.loader.WebappClassLoaderBase.clearReferencesJdbc The web application [api] registered the JDBC driver [com.mysql.fabric.jdbc.FabricMySQLDriver] but failed to unregister it when the web application was stopped. To prevent a memory leak, the JDBC Driver has been forcibly unregistered.
06-Oct-2015 10:51:41.343 WARNING [localhost-startStop-2] org.apache.catalina.loader.WebappClassLoaderBase.clearReferencesJdbc The web application [api] registered the JDBC driver [com.mysql.jdbc.Driver] but failed to unregister it when the web application was stopped. To prevent a memory leak, the JDBC Driver has been forcibly unregistered.
06-Oct-2015 10:51:41.346 WARNING [localhost-startStop-2] org.apache.catalina.loader.WebappClassLoaderBase.clearReferencesThreads The web application [api] appears to have started a thread named [Abandoned connection cleanup thread] but has failed to stop it. This is very likely to create a memory leak. Stack trace of thread:
 java.lang.Object.wait(Native Method)
 java.lang.ref.ReferenceQueue.remove(ReferenceQueue.java:142)
 com.mysql.jdbc.AbandonedConnectionCleanupThread.run(AbandonedConnectionCleanupThread.java:41)
06-Oct-2015 10:51:41.363 INFO [Thread-4] org.apache.coyote.AbstractProtocol.stop Stopping ProtocolHandler ["http-nio-8081"]
06-Oct-2015 10:51:41.371 INFO [Thread-4] org.apache.coyote.AbstractProtocol.destroy Destroying ProtocolHandler ["http-nio-8081"]
06-Oct-2015 10:55:09.802 SEVERE [WrapperSimpleAppMain] org.apache.catalina.startup.Catalina.initDirs Cannot find specified temporary folder at ../tomcat/temp
06-Oct-2015 10:55:10.714 INFO [WrapperSimpleAppMain] org.apache.coyote.AbstractProtocol.init Initializing ProtocolHandler ["http-nio-8081"]
06-Oct-2015 10:55:10.769 INFO [WrapperSimpleAppMain] org.apache.tomcat.util.net.NioSelectorPool.getSharedSelector Using a shared selector for servlet write/read
06-Oct-2015 10:55:10.794 INFO [WrapperSimpleAppMain] org.apache.catalina.startup.Catalina.load Initialization processed in 993 ms
06-Oct-2015 10:55:10.838 INFO [WrapperSimpleAppMain] org.apache.catalina.core.StandardService.startInternal Starting service Catalina
06-Oct-2015 10:55:10.839 INFO [WrapperSimpleAppMain] org.apache.catalina.core.StandardEngine.startInternal Starting Servlet Engine: Apache Tomcat/8.0.15
06-Oct-2015 10:55:23.101 INFO [WrapperSimpleAppMain] org.apache.coyote.AbstractProtocol.start Starting ProtocolHandler ["http-nio-8081"]
06-Oct-2015 10:55:23.118 INFO [WrapperSimpleAppMain] org.apache.catalina.startup.Catalina.start Server startup in 12321 ms
06-Oct-2015 11:04:54.739 INFO [Thread-4] org.apache.coyote.AbstractProtocol.pause Pausing ProtocolHandler ["http-nio-8081"]
06-Oct-2015 11:04:54.796 INFO [Thread-4] org.apache.catalina.core.StandardService.stopInternal Stopping service Catalina
06-Oct-2015 11:04:54.877 WARNING [localhost-startStop-2] org.apache.catalina.loader.WebappClassLoaderBase.clearReferencesJdbc The web application [api] registered the JDBC driver [org.h2.Driver] but failed to unregister it when the web application was stopped. To prevent a memory leak, the JDBC Driver has been forcibly unregistered.
06-Oct-2015 11:04:54.878 WARNING [localhost-startStop-2] org.apache.catalina.loader.WebappClassLoaderBase.clearReferencesJdbc The web application [api] registered the JDBC driver [com.mysql.fabric.jdbc.FabricMySQLDriver] but failed to unregister it when the web application was stopped. To prevent a memory leak, the JDBC Driver has been forcibly unregistered.
06-Oct-2015 11:04:54.878 WARNING [localhost-startStop-2] org.apache.catalina.loader.WebappClassLoaderBase.clearReferencesJdbc The web application [api] registered the JDBC driver [com.mysql.jdbc.Driver] but failed to unregister it when the web application was stopped. To prevent a memory leak, the JDBC Driver has been forcibly unregistered.
06-Oct-2015 11:04:54.883 WARNING [localhost-startStop-2] org.apache.catalina.loader.WebappClassLoaderBase.clearReferencesThreads The web application [api] appears to have started a thread named [Abandoned connection cleanup thread] but has failed to stop it. This is very likely to create a memory leak. Stack trace of thread:
 java.lang.Object.wait(Native Method)
 java.lang.ref.ReferenceQueue.remove(ReferenceQueue.java:142)
 com.mysql.jdbc.AbandonedConnectionCleanupThread.run(AbandonedConnectionCleanupThread.java:41)
06-Oct-2015 11:04:54.927 INFO [Thread-4] org.apache.coyote.AbstractProtocol.stop Stopping ProtocolHandler ["http-nio-8081"]
06-Oct-2015 11:04:54.962 INFO [Thread-4] org.apache.coyote.AbstractProtocol.destroy Destroying ProtocolHandler ["http-nio-8081"]
06-Oct-2015 11:05:28.532 SEVERE [WrapperSimpleAppMain] org.apache.catalina.startup.Catalina.initDirs Cannot find specified temporary folder at ../tomcat/temp
06-Oct-2015 11:05:29.243 INFO [WrapperSimpleAppMain] org.apache.coyote.AbstractProtocol.init Initializing ProtocolHandler ["http-nio-8081"]
06-Oct-2015 11:05:29.325 INFO [WrapperSimpleAppMain] org.apache.tomcat.util.net.NioSelectorPool.getSharedSelector Using a shared selector for servlet write/read
06-Oct-2015 11:05:29.339 INFO [WrapperSimpleAppMain] org.apache.catalina.startup.Catalina.load Initialization processed in 807 ms
06-Oct-2015 11:05:29.374 INFO [WrapperSimpleAppMain] org.apache.catalina.core.StandardService.startInternal Starting service Catalina
06-Oct-2015 11:05:29.375 INFO [WrapperSimpleAppMain] org.apache.catalina.core.StandardEngine.startInternal Starting Servlet Engine: Apache Tomcat/8.0.15
06-Oct-2015 11:05:42.239 INFO [WrapperSimpleAppMain] org.apache.coyote.AbstractProtocol.start Starting ProtocolHandler ["http-nio-8081"]
06-Oct-2015 11:05:42.247 INFO [WrapperSimpleAppMain] org.apache.catalina.startup.Catalina.start Server startup in 12906 ms
06-Oct-2015 11:06:10.855 INFO [Thread-4] org.apache.coyote.AbstractProtocol.pause Pausing ProtocolHandler ["http-nio-8081"]
06-Oct-2015 11:06:10.911 INFO [Thread-4] org.apache.catalina.core.StandardService.stopInternal Stopping service Catalina
06-Oct-2015 11:06:10.972 WARNING [localhost-startStop-2] org.apache.catalina.loader.WebappClassLoaderBase.clearReferencesJdbc The web application [api] registered the JDBC driver [org.h2.Driver] but failed to unregister it when the web application was stopped. To prevent a memory leak, the JDBC Driver has been forcibly unregistered.
06-Oct-2015 11:06:10.972 WARNING [localhost-startStop-2] org.apache.catalina.loader.WebappClassLoaderBase.clearReferencesJdbc The web application [api] registered the JDBC driver [com.mysql.fabric.jdbc.FabricMySQLDriver] but failed to unregister it when the web application was stopped. To prevent a memory leak, the JDBC Driver has been forcibly unregistered.
06-Oct-2015 11:06:10.972 WARNING [localhost-startStop-2] org.apache.catalina.loader.WebappClassLoaderBase.clearReferencesJdbc The web application [api] registered the JDBC driver [com.mysql.jdbc.Driver] but failed to unregister it when the web application was stopped. To prevent a memory leak, the JDBC Driver has been forcibly unregistered.
06-Oct-2015 11:06:10.975 WARNING [localhost-startStop-2] org.apache.catalina.loader.WebappClassLoaderBase.clearReferencesThreads The web application [api] appears to have started a thread named [Abandoned connection cleanup thread] but has failed to stop it. This is very likely to create a memory leak. Stack trace of thread:
 java.lang.Object.wait(Native Method)
 java.lang.ref.ReferenceQueue.remove(ReferenceQueue.java:142)
 com.mysql.jdbc.AbandonedConnectionCleanupThread.run(AbandonedConnectionCleanupThread.java:41)
06-Oct-2015 11:06:10.996 INFO [Thread-4] org.apache.coyote.AbstractProtocol.stop Stopping ProtocolHandler ["http-nio-8081"]
06-Oct-2015 11:06:11.001 INFO [Thread-4] org.apache.coyote.AbstractProtocol.destroy Destroying ProtocolHandler ["http-nio-8081"]
06-Oct-2015 18:54:45.934 SEVERE [WrapperSimpleAppMain] org.apache.catalina.startup.Catalina.initDirs Cannot find specified temporary folder at ../tomcat/temp
06-Oct-2015 18:54:46.785 INFO [WrapperSimpleAppMain] org.apache.coyote.AbstractProtocol.init Initializing ProtocolHandler ["http-nio-8081"]
06-Oct-2015 18:54:46.818 INFO [WrapperSimpleAppMain] org.apache.tomcat.util.net.NioSelectorPool.getSharedSelector Using a shared selector for servlet write/read
06-Oct-2015 18:54:46.821 INFO [WrapperSimpleAppMain] org.apache.catalina.startup.Catalina.load Initialization processed in 887 ms
06-Oct-2015 18:54:46.832 INFO [WrapperSimpleAppMain] org.apache.catalina.core.StandardService.startInternal Starting service Catalina
06-Oct-2015 18:54:46.833 INFO [WrapperSimpleAppMain] org.apache.catalina.core.StandardEngine.startInternal Starting Servlet Engine: Apache Tomcat/8.0.15
06-Oct-2015 18:54:57.993 INFO [WrapperSimpleAppMain] org.apache.coyote.AbstractProtocol.start Starting ProtocolHandler ["http-nio-8081"]
06-Oct-2015 18:54:58.003 INFO [WrapperSimpleAppMain] org.apache.catalina.startup.Catalina.start Server startup in 11181 ms
06-Oct-2015 19:07:39.990 INFO [Thread-4] org.apache.coyote.AbstractProtocol.pause Pausing ProtocolHandler ["http-nio-8081"]
06-Oct-2015 19:07:40.043 INFO [Thread-4] org.apache.catalina.core.StandardService.stopInternal Stopping service Catalina
06-Oct-2015 19:07:40.107 WARNING [localhost-startStop-2] org.apache.catalina.loader.WebappClassLoaderBase.clearReferencesJdbc The web application [api] registered the JDBC driver [org.h2.Driver] but failed to unregister it when the web application was stopped. To prevent a memory leak, the JDBC Driver has been forcibly unregistered.
06-Oct-2015 19:07:40.109 WARNING [localhost-startStop-2] org.apache.catalina.loader.WebappClassLoaderBase.clearReferencesJdbc The web application [api] registered the JDBC driver [com.mysql.fabric.jdbc.FabricMySQLDriver] but failed to unregister it when the web application was stopped. To prevent a memory leak, the JDBC Driver has been forcibly unregistered.
06-Oct-2015 19:07:40.109 WARNING [localhost-startStop-2] org.apache.catalina.loader.WebappClassLoaderBase.clearReferencesJdbc The web application [api] registered the JDBC driver [com.mysql.jdbc.Driver] but failed to unregister it when the web application was stopped. To prevent a memory leak, the JDBC Driver has been forcibly unregistered.
06-Oct-2015 19:07:40.112 WARNING [localhost-startStop-2] org.apache.catalina.loader.WebappClassLoaderBase.clearReferencesThreads The web application [api] appears to have started a thread named [Abandoned connection cleanup thread] but has failed to stop it. This is very likely to create a memory leak. Stack trace of thread:
 java.lang.Object.wait(Native Method)
 java.lang.ref.ReferenceQueue.remove(ReferenceQueue.java:142)
 com.mysql.jdbc.AbandonedConnectionCleanupThread.run(AbandonedConnectionCleanupThread.java:41)
06-Oct-2015 19:07:40.154 INFO [Thread-4] org.apache.coyote.AbstractProtocol.stop Stopping ProtocolHandler ["http-nio-8081"]
06-Oct-2015 19:07:40.255 INFO [Thread-4] org.apache.coyote.AbstractProtocol.destroy Destroying ProtocolHandler ["http-nio-8081"]
