12-Oct-2015 13:52:21.200 SEVERE [WrapperSimpleAppMain] org.apache.catalina.startup.Catalina.initDirs Cannot find specified temporary folder at ../tomcat/temp
12-Oct-2015 13:52:21.802 INFO [WrapperSimpleAppMain] org.apache.coyote.AbstractProtocol.init Initializing ProtocolHandler ["http-nio-8081"]
12-Oct-2015 13:52:21.826 INFO [WrapperSimpleAppMain] org.apache.tomcat.util.net.NioSelectorPool.getSharedSelector Using a shared selector for servlet write/read
12-Oct-2015 13:52:21.829 INFO [WrapperSimpleAppMain] org.apache.catalina.startup.Catalina.load Initialization processed in 630 ms
12-Oct-2015 13:52:21.848 INFO [WrapperSimpleAppMain] org.apache.catalina.core.StandardService.startInternal Starting service Catalina
12-Oct-2015 13:52:21.849 INFO [WrapperSimpleAppMain] org.apache.catalina.core.StandardEngine.startInternal Starting Servlet Engine: Apache Tomcat/8.0.15
12-Oct-2015 13:53:03.017 INFO [WrapperSimpleAppMain] org.apache.coyote.AbstractProtocol.start Starting ProtocolHandler ["http-nio-8081"]
12-Oct-2015 13:53:03.025 INFO [WrapperSimpleAppMain] org.apache.catalina.startup.Catalina.start Server startup in 41194 ms
12-Oct-2015 14:07:52.798 INFO [Thread-4] org.apache.coyote.AbstractProtocol.pause Pausing ProtocolHandler ["http-nio-8081"]
12-Oct-2015 14:07:52.853 INFO [Thread-4] org.apache.catalina.core.StandardService.stopInternal Stopping service Catalina
12-Oct-2015 14:07:52.892 WARNING [localhost-startStop-2] org.apache.catalina.loader.WebappClassLoaderBase.clearReferencesJdbc The web application [api] registered the JDBC driver [org.h2.Driver] but failed to unregister it when the web application was stopped. To prevent a memory leak, the JDBC Driver has been forcibly unregistered.
12-Oct-2015 14:07:52.893 WARNING [localhost-startStop-2] org.apache.catalina.loader.WebappClassLoaderBase.clearReferencesJdbc The web application [api] registered the JDBC driver [com.mysql.fabric.jdbc.FabricMySQLDriver] but failed to unregister it when the web application was stopped. To prevent a memory leak, the JDBC Driver has been forcibly unregistered.
12-Oct-2015 14:07:52.894 WARNING [localhost-startStop-2] org.apache.catalina.loader.WebappClassLoaderBase.clearReferencesJdbc The web application [api] registered the JDBC driver [com.mysql.jdbc.Driver] but failed to unregister it when the web application was stopped. To prevent a memory leak, the JDBC Driver has been forcibly unregistered.
12-Oct-2015 14:07:52.895 WARNING [localhost-startStop-2] org.apache.catalina.loader.WebappClassLoaderBase.clearReferencesThreads The web application [api] appears to have started a thread named [Abandoned connection cleanup thread] but has failed to stop it. This is very likely to create a memory leak. Stack trace of thread:
 java.lang.Object.wait(Native Method)
 java.lang.ref.ReferenceQueue.remove(ReferenceQueue.java:142)
 com.mysql.jdbc.AbandonedConnectionCleanupThread.run(AbandonedConnectionCleanupThread.java:41)
12-Oct-2015 14:07:52.905 INFO [Thread-4] org.apache.coyote.AbstractProtocol.stop Stopping ProtocolHandler ["http-nio-8081"]
12-Oct-2015 14:07:52.911 INFO [Thread-4] org.apache.coyote.AbstractProtocol.destroy Destroying ProtocolHandler ["http-nio-8081"]
12-Oct-2015 14:09:02.392 SEVERE [WrapperSimpleAppMain] org.apache.catalina.startup.Catalina.initDirs Cannot find specified temporary folder at ../tomcat/temp
12-Oct-2015 14:09:02.912 INFO [WrapperSimpleAppMain] org.apache.coyote.AbstractProtocol.init Initializing ProtocolHandler ["http-nio-8081"]
12-Oct-2015 14:09:02.966 INFO [WrapperSimpleAppMain] org.apache.tomcat.util.net.NioSelectorPool.getSharedSelector Using a shared selector for servlet write/read
12-Oct-2015 14:09:02.973 INFO [WrapperSimpleAppMain] org.apache.catalina.startup.Catalina.load Initialization processed in 582 ms
12-Oct-2015 14:09:02.995 INFO [WrapperSimpleAppMain] org.apache.catalina.core.StandardService.startInternal Starting service Catalina
12-Oct-2015 14:09:02.995 INFO [WrapperSimpleAppMain] org.apache.catalina.core.StandardEngine.startInternal Starting Servlet Engine: Apache Tomcat/8.0.15
12-Oct-2015 14:09:43.150 INFO [WrapperSimpleAppMain] org.apache.coyote.AbstractProtocol.start Starting ProtocolHandler ["http-nio-8081"]
12-Oct-2015 14:09:43.158 INFO [WrapperSimpleAppMain] org.apache.catalina.startup.Catalina.start Server startup in 40182 ms
12-Oct-2015 14:40:28.094 INFO [Thread-4] org.apache.coyote.AbstractProtocol.pause Pausing ProtocolHandler ["http-nio-8081"]
12-Oct-2015 14:40:28.149 INFO [Thread-4] org.apache.catalina.core.StandardService.stopInternal Stopping service Catalina
12-Oct-2015 14:40:28.207 WARNING [localhost-startStop-2] org.apache.catalina.loader.WebappClassLoaderBase.clearReferencesJdbc The web application [api] registered the JDBC driver [org.h2.Driver] but failed to unregister it when the web application was stopped. To prevent a memory leak, the JDBC Driver has been forcibly unregistered.
12-Oct-2015 14:40:28.208 WARNING [localhost-startStop-2] org.apache.catalina.loader.WebappClassLoaderBase.clearReferencesJdbc The web application [api] registered the JDBC driver [com.mysql.fabric.jdbc.FabricMySQLDriver] but failed to unregister it when the web application was stopped. To prevent a memory leak, the JDBC Driver has been forcibly unregistered.
12-Oct-2015 14:40:28.208 WARNING [localhost-startStop-2] org.apache.catalina.loader.WebappClassLoaderBase.clearReferencesJdbc The web application [api] registered the JDBC driver [com.mysql.jdbc.Driver] but failed to unregister it when the web application was stopped. To prevent a memory leak, the JDBC Driver has been forcibly unregistered.
12-Oct-2015 14:40:28.210 WARNING [localhost-startStop-2] org.apache.catalina.loader.WebappClassLoaderBase.clearReferencesThreads The web application [api] appears to have started a thread named [Abandoned connection cleanup thread] but has failed to stop it. This is very likely to create a memory leak. Stack trace of thread:
 java.lang.Object.wait(Native Method)
 java.lang.ref.ReferenceQueue.remove(ReferenceQueue.java:142)
 com.mysql.jdbc.AbandonedConnectionCleanupThread.run(AbandonedConnectionCleanupThread.java:41)
12-Oct-2015 14:40:28.229 INFO [Thread-4] org.apache.coyote.AbstractProtocol.stop Stopping ProtocolHandler ["http-nio-8081"]
12-Oct-2015 14:40:28.240 INFO [Thread-4] org.apache.coyote.AbstractProtocol.destroy Destroying ProtocolHandler ["http-nio-8081"]
