21-Sep-2015 16:50:31.798 SEVERE [WrapperSimpleAppMain] org.apache.catalina.startup.Catalina.initDirs Cannot find specified temporary folder at ../tomcat/temp
21-Sep-2015 16:50:32.526 INFO [WrapperSimpleAppMain] org.apache.coyote.AbstractProtocol.init Initializing ProtocolHandler ["http-nio-8081"]
21-Sep-2015 16:50:32.576 INFO [WrapperSimpleAppMain] org.apache.tomcat.util.net.NioSelectorPool.getSharedSelector Using a shared selector for servlet write/read
21-Sep-2015 16:50:32.587 INFO [WrapperSimpleAppMain] org.apache.catalina.startup.Catalina.load Initialization processed in 789 ms
21-Sep-2015 16:50:32.611 INFO [WrapperSimpleAppMain] org.apache.catalina.core.StandardService.startInternal Starting service Catalina
21-Sep-2015 16:50:32.612 INFO [WrapperSimpleAppMain] org.apache.catalina.core.StandardEngine.startInternal Starting Servlet Engine: Apache Tomcat/8.0.15
21-Sep-2015 16:50:43.987 INFO [WrapperSimpleAppMain] org.apache.coyote.AbstractProtocol.start Starting ProtocolHandler ["http-nio-8081"]
21-Sep-2015 16:50:43.995 INFO [WrapperSimpleAppMain] org.apache.catalina.startup.Catalina.start Server startup in 11406 ms
21-Sep-2015 16:57:56.343 INFO [Thread-4] org.apache.coyote.AbstractProtocol.pause Pausing ProtocolHandler ["http-nio-8081"]
21-Sep-2015 16:57:56.398 INFO [Thread-4] org.apache.catalina.core.StandardService.stopInternal Stopping service Catalina
21-Sep-2015 16:57:56.408 INFO [localhost-startStop-2] org.apache.catalina.core.StandardWrapper.unload Waiting for 3 instance(s) to be deallocated for Servlet [service_dispatcher]
21-Sep-2015 16:57:57.439 INFO [localhost-startStop-2] org.apache.catalina.core.StandardWrapper.unload Waiting for 3 instance(s) to be deallocated for Servlet [service_dispatcher]
21-Sep-2015 16:57:58.478 INFO [localhost-startStop-2] org.apache.catalina.core.StandardWrapper.unload Waiting for 3 instance(s) to be deallocated for Servlet [service_dispatcher]
21-Sep-2015 16:57:58.601 WARNING [localhost-startStop-2] org.apache.catalina.loader.WebappClassLoaderBase.clearReferencesJdbc The web application [api] registered the JDBC driver [org.h2.Driver] but failed to unregister it when the web application was stopped. To prevent a memory leak, the JDBC Driver has been forcibly unregistered.
21-Sep-2015 16:57:58.602 WARNING [localhost-startStop-2] org.apache.catalina.loader.WebappClassLoaderBase.clearReferencesJdbc The web application [api] registered the JDBC driver [com.mysql.fabric.jdbc.FabricMySQLDriver] but failed to unregister it when the web application was stopped. To prevent a memory leak, the JDBC Driver has been forcibly unregistered.
21-Sep-2015 16:57:58.602 WARNING [localhost-startStop-2] org.apache.catalina.loader.WebappClassLoaderBase.clearReferencesJdbc The web application [api] registered the JDBC driver [com.mysql.jdbc.Driver] but failed to unregister it when the web application was stopped. To prevent a memory leak, the JDBC Driver has been forcibly unregistered.
21-Sep-2015 16:57:58.603 WARNING [localhost-startStop-2] org.apache.catalina.loader.WebappClassLoaderBase.clearReferencesThreads The web application [api] appears to have started a thread named [Abandoned connection cleanup thread] but has failed to stop it. This is very likely to create a memory leak. Stack trace of thread:
 java.lang.Object.wait(Native Method)
 java.lang.ref.ReferenceQueue.remove(ReferenceQueue.java:142)
 com.mysql.jdbc.AbandonedConnectionCleanupThread.run(AbandonedConnectionCleanupThread.java:41)
21-Sep-2015 16:57:58.604 WARNING [localhost-startStop-2] org.apache.catalina.loader.WebappClassLoaderBase.clearReferencesThreads The web application [api] is still processing a request that has yet to finish. This is very likely to create a memory leak. You can control the time allowed for requests to finish by using the unloadDelay attribute of the standard Context implementation. Stack trace of request processing thread:
 java.net.SocketInputStream.socketRead0(Native Method)
 java.net.SocketInputStream.read(SocketInputStream.java:150)
 java.net.SocketInputStream.read(SocketInputStream.java:121)
 com.mysql.jdbc.util.ReadAheadInputStream.fill(ReadAheadInputStream.java:112)
 com.mysql.jdbc.util.ReadAheadInputStream.readFromUnderlyingStreamIfNecessary(ReadAheadInputStream.java:159)
 com.mysql.jdbc.util.ReadAheadInputStream.read(ReadAheadInputStream.java:187)
 com.mysql.jdbc.MysqlIO.readFully(MysqlIO.java:3158)
 com.mysql.jdbc.MysqlIO.readPacket(MysqlIO.java:598)
 com.mysql.jdbc.MysqlIO.doHandshake(MysqlIO.java:1086)
 com.mysql.jdbc.ConnectionImpl.coreConnect(ConnectionImpl.java:2506)
 com.mysql.jdbc.ConnectionImpl.connectOneTryOnly(ConnectionImpl.java:2539)
 com.mysql.jdbc.ConnectionImpl.createNewIO(ConnectionImpl.java:2321)
 com.mysql.jdbc.ConnectionImpl.<init>(ConnectionImpl.java:832)
 com.mysql.jdbc.JDBC4Connection.<init>(JDBC4Connection.java:46)
 sun.reflect.GeneratedConstructorAccessor25.newInstance(Unknown Source)
 sun.reflect.DelegatingConstructorAccessorImpl.newInstance(DelegatingConstructorAccessorImpl.java:45)
 java.lang.reflect.Constructor.newInstance(Constructor.java:408)
 com.mysql.jdbc.Util.handleNewInstance(Util.java:409)
 com.mysql.jdbc.ConnectionImpl.getInstance(ConnectionImpl.java:417)
 com.mysql.jdbc.NonRegisteringDriver.connect(NonRegisteringDriver.java:344)
 java.sql.DriverManager.getConnection(DriverManager.java:664)
 java.sql.DriverManager.getConnection(DriverManager.java:208)
 org.springframework.jdbc.datasource.DriverManagerDataSource.getConnectionFromDriverManager(DriverManagerDataSource.java:153)
 org.springframework.jdbc.datasource.DriverManagerDataSource.getConnectionFromDriver(DriverManagerDataSource.java:144)
 org.springframework.jdbc.datasource.AbstractDriverBasedDataSource.getConnectionFromDriver(AbstractDriverBasedDataSource.java:155)
 org.springframework.jdbc.datasource.AbstractDriverBasedDataSource.getConnection(AbstractDriverBasedDataSource.java:120)
 wedev.db.dao.recommend.RecommendArticleDAO.isLiked(RecommendArticleDAO.java:236)
 com.anjibei.app.framework.logic.recommend.RecommendLogic.addCommentCountsAndCollectedToArticleList(RecommendLogic.java:97)
 com.anjibei.app.framework.services.recommend.HomePageService.getHomePage(HomePageService.java:92)
 sun.reflect.NativeMethodAccessorImpl.invoke0(Native Method)
 sun.reflect.NativeMethodAccessorImpl.invoke(NativeMethodAccessorImpl.java:62)
 sun.reflect.DelegatingMethodAccessorImpl.invoke(DelegatingMethodAccessorImpl.java:43)
 java.lang.reflect.Method.invoke(Method.java:483)
 org.springframework.web.method.support.InvocableHandlerMethod.invoke(InvocableHandlerMethod.java:215)
 org.springframework.web.method.support.InvocableHandlerMethod.invokeForRequest(InvocableHandlerMethod.java:132)
 org.springframework.web.servlet.mvc.method.annotation.ServletInvocableHandlerMethod.invokeAndHandle(ServletInvocableHandlerMethod.java:104)
 org.springframework.web.servlet.mvc.method.annotation.RequestMappingHandlerAdapter.invokeHandleMethod(RequestMappingHandlerAdapter.java:781)
 org.springframework.web.servlet.mvc.method.annotation.RequestMappingHandlerAdapter.handleInternal(RequestMappingHandlerAdapter.java:721)
 org.springframework.web.servlet.mvc.method.AbstractHandlerMethodAdapter.handle(AbstractHandlerMethodAdapter.java:83)
 org.springframework.web.servlet.DispatcherServlet.doDispatch(DispatcherServlet.java:943)
 org.springframework.web.servlet.DispatcherServlet.doService(DispatcherServlet.java:877)
 org.springframework.web.servlet.FrameworkServlet.processRequest(FrameworkServlet.java:966)
 org.springframework.web.servlet.FrameworkServlet.doPost(FrameworkServlet.java:868)
 javax.servlet.http.HttpServlet.service(HttpServlet.java:644)
 org.springframework.web.servlet.FrameworkServlet.service(FrameworkServlet.java:842)
 javax.servlet.http.HttpServlet.service(HttpServlet.java:725)
 org.apache.catalina.core.ApplicationFilterChain.internalDoFilter(ApplicationFilterChain.java:291)
 org.apache.catalina.core.ApplicationFilterChain.doFilter(ApplicationFilterChain.java:206)
 org.apache.tomcat.websocket.server.WsFilter.doFilter(WsFilter.java:52)
 org.apache.catalina.core.ApplicationFilterChain.internalDoFilter(ApplicationFilterChain.java:239)
 org.apache.catalina.core.ApplicationFilterChain.doFilter(ApplicationFilterChain.java:206)
 org.apache.catalina.core.StandardWrapperValve.invoke(StandardWrapperValve.java:219)
 org.apache.catalina.core.StandardContextValve.invoke(StandardContextValve.java:106)
 org.apache.catalina.authenticator.AuthenticatorBase.invoke(AuthenticatorBase.java:501)
 org.apache.catalina.core.StandardHostValve.invoke(StandardHostValve.java:142)
 org.apache.catalina.valves.ErrorReportValve.invoke(ErrorReportValve.java:79)
 org.apache.catalina.core.StandardEngineValve.invoke(StandardEngineValve.java:88)
 org.apache.catalina.connector.CoyoteAdapter.service(CoyoteAdapter.java:537)
 org.apache.coyote.http11.AbstractHttp11Processor.process(AbstractHttp11Processor.java:1085)
 org.apache.coyote.AbstractProtocol$AbstractConnectionHandler.process(AbstractProtocol.java:658)
 org.apache.coyote.http11.Http11NioProtocol$Http11ConnectionHandler.process(Http11NioProtocol.java:222)
 org.apache.tomcat.util.net.NioEndpoint$SocketProcessor.doRun(NioEndpoint.java:1556)
 org.apache.tomcat.util.net.NioEndpoint$SocketProcessor.run(NioEndpoint.java:1513)
 java.util.concurrent.ThreadPoolExecutor.runWorker(ThreadPoolExecutor.java:1142)
 java.util.concurrent.ThreadPoolExecutor$Worker.run(ThreadPoolExecutor.java:617)
 org.apache.tomcat.util.threads.TaskThread$WrappingRunnable.run(TaskThread.java:61)
 java.lang.Thread.run(Thread.java:745)
21-Sep-2015 16:57:58.605 WARNING [localhost-startStop-2] org.apache.catalina.loader.WebappClassLoaderBase.clearReferencesThreads The web application [api] is still processing a request that has yet to finish. This is very likely to create a memory leak. You can control the time allowed for requests to finish by using the unloadDelay attribute of the standard Context implementation. Stack trace of request processing thread:
 java.net.SocketInputStream.socketRead0(Native Method)
 java.net.SocketInputStream.read(SocketInputStream.java:150)
 java.net.SocketInputStream.read(SocketInputStream.java:121)
 com.mysql.jdbc.util.ReadAheadInputStream.fill(ReadAheadInputStream.java:112)
 com.mysql.jdbc.util.ReadAheadInputStream.readFromUnderlyingStreamIfNecessary(ReadAheadInputStream.java:159)
 com.mysql.jdbc.util.ReadAheadInputStream.read(ReadAheadInputStream.java:187)
 com.mysql.jdbc.MysqlIO.readFully(MysqlIO.java:3158)
 com.mysql.jdbc.MysqlIO.reuseAndReadPacket(MysqlIO.java:3615)
 com.mysql.jdbc.MysqlIO.reuseAndReadPacket(MysqlIO.java:3604)
 com.mysql.jdbc.MysqlIO.checkErrorPacket(MysqlIO.java:4155)
 com.mysql.jdbc.MysqlIO.sendCommand(MysqlIO.java:2615)
 com.mysql.jdbc.MysqlIO.sqlQueryDirect(MysqlIO.java:2776)
 com.mysql.jdbc.ConnectionImpl.execSQL(ConnectionImpl.java:2832)
 com.mysql.jdbc.ConnectionImpl.execSQL(ConnectionImpl.java:2781)
 com.mysql.jdbc.StatementImpl.executeQuery(StatementImpl.java:1569)
 com.mysql.jdbc.ConnectionImpl.loadServerVariables(ConnectionImpl.java:4218)
 com.mysql.jdbc.ConnectionImpl.initializePropsFromServer(ConnectionImpl.java:3613)
 com.mysql.jdbc.ConnectionImpl.connectOneTryOnly(ConnectionImpl.java:2554)
 com.mysql.jdbc.ConnectionImpl.createNewIO(ConnectionImpl.java:2321)
 com.mysql.jdbc.ConnectionImpl.<init>(ConnectionImpl.java:832)
 com.mysql.jdbc.JDBC4Connection.<init>(JDBC4Connection.java:46)
 sun.reflect.GeneratedConstructorAccessor25.newInstance(Unknown Source)
 sun.reflect.DelegatingConstructorAccessorImpl.newInstance(DelegatingConstructorAccessorImpl.java:45)
 java.lang.reflect.Constructor.newInstance(Constructor.java:408)
 com.mysql.jdbc.Util.handleNewInstance(Util.java:409)
 com.mysql.jdbc.ConnectionImpl.getInstance(ConnectionImpl.java:417)
 com.mysql.jdbc.NonRegisteringDriver.connect(NonRegisteringDriver.java:344)
 java.sql.DriverManager.getConnection(DriverManager.java:664)
 java.sql.DriverManager.getConnection(DriverManager.java:208)
 org.springframework.jdbc.datasource.DriverManagerDataSource.getConnectionFromDriverManager(DriverManagerDataSource.java:153)
 org.springframework.jdbc.datasource.DriverManagerDataSource.getConnectionFromDriver(DriverManagerDataSource.java:144)
 org.springframework.jdbc.datasource.AbstractDriverBasedDataSource.getConnectionFromDriver(AbstractDriverBasedDataSource.java:155)
 org.springframework.jdbc.datasource.AbstractDriverBasedDataSource.getConnection(AbstractDriverBasedDataSource.java:120)
 wedev.db.dao.recommend.RecommendArticleDAO.isLiked(RecommendArticleDAO.java:236)
 com.anjibei.app.framework.logic.recommend.RecommendLogic.addCommentCountsAndCollectedToArticleList(RecommendLogic.java:97)
 com.anjibei.app.framework.services.recommend.HomePageService.getHomePage(HomePageService.java:92)
 sun.reflect.NativeMethodAccessorImpl.invoke0(Native Method)
 sun.reflect.NativeMethodAccessorImpl.invoke(NativeMethodAccessorImpl.java:62)
 sun.reflect.DelegatingMethodAccessorImpl.invoke(DelegatingMethodAccessorImpl.java:43)
 java.lang.reflect.Method.invoke(Method.java:483)
 org.springframework.web.method.support.InvocableHandlerMethod.invoke(InvocableHandlerMethod.java:215)
 org.springframework.web.method.support.InvocableHandlerMethod.invokeForRequest(InvocableHandlerMethod.java:132)
 org.springframework.web.servlet.mvc.method.annotation.ServletInvocableHandlerMethod.invokeAndHandle(ServletInvocableHandlerMethod.java:104)
 org.springframework.web.servlet.mvc.method.annotation.RequestMappingHandlerAdapter.invokeHandleMethod(RequestMappingHandlerAdapter.java:781)
 org.springframework.web.servlet.mvc.method.annotation.RequestMappingHandlerAdapter.handleInternal(RequestMappingHandlerAdapter.java:721)
 org.springframework.web.servlet.mvc.method.AbstractHandlerMethodAdapter.handle(AbstractHandlerMethodAdapter.java:83)
 org.springframework.web.servlet.DispatcherServlet.doDispatch(DispatcherServlet.java:943)
 org.springframework.web.servlet.DispatcherServlet.doService(DispatcherServlet.java:877)
 org.springframework.web.servlet.FrameworkServlet.processRequest(FrameworkServlet.java:966)
 org.springframework.web.servlet.FrameworkServlet.doPost(FrameworkServlet.java:868)
 javax.servlet.http.HttpServlet.service(HttpServlet.java:644)
 org.springframework.web.servlet.FrameworkServlet.service(FrameworkServlet.java:842)
 javax.servlet.http.HttpServlet.service(HttpServlet.java:725)
 org.apache.catalina.core.ApplicationFilterChain.internalDoFilter(ApplicationFilterChain.java:291)
 org.apache.catalina.core.ApplicationFilterChain.doFilter(ApplicationFilterChain.java:206)
 org.apache.tomcat.websocket.server.WsFilter.doFilter(WsFilter.java:52)
 org.apache.catalina.core.ApplicationFilterChain.internalDoFilter(ApplicationFilterChain.java:239)
 org.apache.catalina.core.ApplicationFilterChain.doFilter(ApplicationFilterChain.java:206)
 org.apache.catalina.core.StandardWrapperValve.invoke(StandardWrapperValve.java:219)
 org.apache.catalina.core.StandardContextValve.invoke(StandardContextValve.java:106)
 org.apache.catalina.authenticator.AuthenticatorBase.invoke(AuthenticatorBase.java:501)
 org.apache.catalina.core.StandardHostValve.invoke(StandardHostValve.java:142)
 org.apache.catalina.valves.ErrorReportValve.invoke(ErrorReportValve.java:79)
 org.apache.catalina.core.StandardEngineValve.invoke(StandardEngineValve.java:88)
 org.apache.catalina.connector.CoyoteAdapter.service(CoyoteAdapter.java:537)
 org.apache.coyote.http11.AbstractHttp11Processor.process(AbstractHttp11Processor.java:1085)
 org.apache.coyote.AbstractProtocol$AbstractConnectionHandler.process(AbstractProtocol.java:658)
 org.apache.coyote.http11.Http11NioProtocol$Http11ConnectionHandler.process(Http11NioProtocol.java:222)
 org.apache.tomcat.util.net.NioEndpoint$SocketProcessor.doRun(NioEndpoint.java:1556)
 org.apache.tomcat.util.net.NioEndpoint$SocketProcessor.run(NioEndpoint.java:1513)
 java.util.concurrent.ThreadPoolExecutor.runWorker(ThreadPoolExecutor.java:1142)
 java.util.concurrent.ThreadPoolExecutor$Worker.run(ThreadPoolExecutor.java:617)
 org.apache.tomcat.util.threads.TaskThread$WrappingRunnable.run(TaskThread.java:61)
 java.lang.Thread.run(Thread.java:745)
21-Sep-2015 16:57:58.608 WARNING [localhost-startStop-2] org.apache.catalina.loader.WebappClassLoaderBase.clearReferencesThreads The web application [api] is still processing a request that has yet to finish. This is very likely to create a memory leak. You can control the time allowed for requests to finish by using the unloadDelay attribute of the standard Context implementation. Stack trace of request processing thread:
 java.net.SocketInputStream.socketRead0(Native Method)
 java.net.SocketInputStream.read(SocketInputStream.java:150)
 java.net.SocketInputStream.read(SocketInputStream.java:121)
 com.mysql.jdbc.util.ReadAheadInputStream.fill(ReadAheadInputStream.java:112)
 com.mysql.jdbc.util.ReadAheadInputStream.readFromUnderlyingStreamIfNecessary(ReadAheadInputStream.java:159)
 com.mysql.jdbc.util.ReadAheadInputStream.read(ReadAheadInputStream.java:187)
 com.mysql.jdbc.MysqlIO.readFully(MysqlIO.java:3158)
 com.mysql.jdbc.MysqlIO.reuseAndReadPacket(MysqlIO.java:3615)
 com.mysql.jdbc.MysqlIO.reuseAndReadPacket(MysqlIO.java:3604)
 com.mysql.jdbc.MysqlIO.checkErrorPacket(MysqlIO.java:4155)
 com.mysql.jdbc.MysqlIO.sendCommand(MysqlIO.java:2615)
 com.mysql.jdbc.MysqlIO.sqlQueryDirect(MysqlIO.java:2776)
 com.mysql.jdbc.ConnectionImpl.execSQL(ConnectionImpl.java:2832)
 com.mysql.jdbc.ConnectionImpl.setupServerForTruncationChecks(ConnectionImpl.java:5712)
 com.mysql.jdbc.ConnectionImpl.initializePropsFromServer(ConnectionImpl.java:3809)
 com.mysql.jdbc.ConnectionImpl.connectOneTryOnly(ConnectionImpl.java:2554)
 com.mysql.jdbc.ConnectionImpl.createNewIO(ConnectionImpl.java:2321)
 com.mysql.jdbc.ConnectionImpl.<init>(ConnectionImpl.java:832)
 com.mysql.jdbc.JDBC4Connection.<init>(JDBC4Connection.java:46)
 sun.reflect.GeneratedConstructorAccessor25.newInstance(Unknown Source)
 sun.reflect.DelegatingConstructorAccessorImpl.newInstance(DelegatingConstructorAccessorImpl.java:45)
 java.lang.reflect.Constructor.newInstance(Constructor.java:408)
 com.mysql.jdbc.Util.handleNewInstance(Util.java:409)
 com.mysql.jdbc.ConnectionImpl.getInstance(ConnectionImpl.java:417)
 com.mysql.jdbc.NonRegisteringDriver.connect(NonRegisteringDriver.java:344)
 java.sql.DriverManager.getConnection(DriverManager.java:664)
 java.sql.DriverManager.getConnection(DriverManager.java:208)
 org.springframework.jdbc.datasource.DriverManagerDataSource.getConnectionFromDriverManager(DriverManagerDataSource.java:153)
 org.springframework.jdbc.datasource.DriverManagerDataSource.getConnectionFromDriver(DriverManagerDataSource.java:144)
 org.springframework.jdbc.datasource.AbstractDriverBasedDataSource.getConnectionFromDriver(AbstractDriverBasedDataSource.java:155)
 org.springframework.jdbc.datasource.AbstractDriverBasedDataSource.getConnection(AbstractDriverBasedDataSource.java:120)
 wedev.db.dao.account.UserDAO.getBabyDays(UserDAO.java:614)
 com.anjibei.app.framework.services.recommend.HomePageService.getHomePage(HomePageService.java:74)
 sun.reflect.NativeMethodAccessorImpl.invoke0(Native Method)
 sun.reflect.NativeMethodAccessorImpl.invoke(NativeMethodAccessorImpl.java:62)
 sun.reflect.DelegatingMethodAccessorImpl.invoke(DelegatingMethodAccessorImpl.java:43)
 java.lang.reflect.Method.invoke(Method.java:483)
 org.springframework.web.method.support.InvocableHandlerMethod.invoke(InvocableHandlerMethod.java:215)
 org.springframework.web.method.support.InvocableHandlerMethod.invokeForRequest(InvocableHandlerMethod.java:132)
 org.springframework.web.servlet.mvc.method.annotation.ServletInvocableHandlerMethod.invokeAndHandle(ServletInvocableHandlerMethod.java:104)
 org.springframework.web.servlet.mvc.method.annotation.RequestMappingHandlerAdapter.invokeHandleMethod(RequestMappingHandlerAdapter.java:781)
 org.springframework.web.servlet.mvc.method.annotation.RequestMappingHandlerAdapter.handleInternal(RequestMappingHandlerAdapter.java:721)
 org.springframework.web.servlet.mvc.method.AbstractHandlerMethodAdapter.handle(AbstractHandlerMethodAdapter.java:83)
 org.springframework.web.servlet.DispatcherServlet.doDispatch(DispatcherServlet.java:943)
 org.springframework.web.servlet.DispatcherServlet.doService(DispatcherServlet.java:877)
 org.springframework.web.servlet.FrameworkServlet.processRequest(FrameworkServlet.java:966)
 org.springframework.web.servlet.FrameworkServlet.doPost(FrameworkServlet.java:868)
 javax.servlet.http.HttpServlet.service(HttpServlet.java:644)
 org.springframework.web.servlet.FrameworkServlet.service(FrameworkServlet.java:842)
 javax.servlet.http.HttpServlet.service(HttpServlet.java:725)
 org.apache.catalina.core.ApplicationFilterChain.internalDoFilter(ApplicationFilterChain.java:291)
 org.apache.catalina.core.ApplicationFilterChain.doFilter(ApplicationFilterChain.java:206)
 org.apache.tomcat.websocket.server.WsFilter.doFilter(WsFilter.java:52)
 org.apache.catalina.core.ApplicationFilterChain.internalDoFilter(ApplicationFilterChain.java:239)
 org.apache.catalina.core.ApplicationFilterChain.doFilter(ApplicationFilterChain.java:206)
 org.apache.catalina.core.StandardWrapperValve.invoke(StandardWrapperValve.java:219)
 org.apache.catalina.core.StandardContextValve.invoke(StandardContextValve.java:106)
 org.apache.catalina.authenticator.AuthenticatorBase.invoke(AuthenticatorBase.java:501)
 org.apache.catalina.core.StandardHostValve.invoke(StandardHostValve.java:142)
 org.apache.catalina.valves.ErrorReportValve.invoke(ErrorReportValve.java:79)
 org.apache.catalina.core.StandardEngineValve.invoke(StandardEngineValve.java:88)
 org.apache.catalina.connector.CoyoteAdapter.service(CoyoteAdapter.java:537)
 org.apache.coyote.http11.AbstractHttp11Processor.process(AbstractHttp11Processor.java:1085)
 org.apache.coyote.AbstractProtocol$AbstractConnectionHandler.process(AbstractProtocol.java:658)
 org.apache.coyote.http11.Http11NioProtocol$Http11ConnectionHandler.process(Http11NioProtocol.java:222)
 org.apache.tomcat.util.net.NioEndpoint$SocketProcessor.doRun(NioEndpoint.java:1556)
 org.apache.tomcat.util.net.NioEndpoint$SocketProcessor.run(NioEndpoint.java:1513)
 java.util.concurrent.ThreadPoolExecutor.runWorker(ThreadPoolExecutor.java:1142)
 java.util.concurrent.ThreadPoolExecutor$Worker.run(ThreadPoolExecutor.java:617)
 org.apache.tomcat.util.threads.TaskThread$WrappingRunnable.run(TaskThread.java:61)
 java.lang.Thread.run(Thread.java:745)
21-Sep-2015 16:57:58.609 SEVERE [localhost-startStop-2] org.apache.catalina.loader.WebappClassLoaderBase.checkThreadLocalMapForLeaks The web application [api] created a ThreadLocal with key of type [org.springframework.core.NamedThreadLocal] (value [Request attributes]) and a value of type [org.springframework.web.context.request.ServletRequestAttributes] (value [org.apache.catalina.connector.RequestFacade@5d0b0c62]) but failed to remove it when the web application was stopped. Threads are going to be renewed over time to try and avoid a probable memory leak.
21-Sep-2015 16:57:58.609 SEVERE [localhost-startStop-2] org.apache.catalina.loader.WebappClassLoaderBase.checkThreadLocalMapForLeaks The web application [api] created a ThreadLocal with key of type [org.springframework.core.NamedThreadLocal] (value [Locale context]) and a value of type [org.springframework.web.servlet.DispatcherServlet$1] (value [org.springframework.web.servlet.DispatcherServlet$1@4716f1a4]) but failed to remove it when the web application was stopped. Threads are going to be renewed over time to try and avoid a probable memory leak.
21-Sep-2015 16:57:58.610 SEVERE [localhost-startStop-2] org.apache.catalina.loader.WebappClassLoaderBase.checkThreadLocalMapForLeaks The web application [api] created a ThreadLocal with key of type [org.springframework.core.NamedThreadLocal] (value [Request attributes]) and a value of type [org.springframework.web.context.request.ServletRequestAttributes] (value [org.apache.catalina.connector.RequestFacade@3f71e7c]) but failed to remove it when the web application was stopped. Threads are going to be renewed over time to try and avoid a probable memory leak.
21-Sep-2015 16:57:58.610 SEVERE [localhost-startStop-2] org.apache.catalina.loader.WebappClassLoaderBase.checkThreadLocalMapForLeaks The web application [api] created a ThreadLocal with key of type [org.springframework.core.NamedThreadLocal] (value [Locale context]) and a value of type [org.springframework.web.servlet.DispatcherServlet$1] (value [org.springframework.web.servlet.DispatcherServlet$1@122c3985]) but failed to remove it when the web application was stopped. Threads are going to be renewed over time to try and avoid a probable memory leak.
21-Sep-2015 16:57:58.610 SEVERE [localhost-startStop-2] org.apache.catalina.loader.WebappClassLoaderBase.checkThreadLocalMapForLeaks The web application [api] created a ThreadLocal with key of type [org.springframework.core.NamedThreadLocal] (value [Request attributes]) and a value of type [org.springframework.web.context.request.ServletRequestAttributes] (value [org.apache.catalina.connector.RequestFacade@17c14fbe]) but failed to remove it when the web application was stopped. Threads are going to be renewed over time to try and avoid a probable memory leak.
21-Sep-2015 16:57:58.610 SEVERE [localhost-startStop-2] org.apache.catalina.loader.WebappClassLoaderBase.checkThreadLocalMapForLeaks The web application [api] created a ThreadLocal with key of type [org.springframework.core.NamedThreadLocal] (value [Locale context]) and a value of type [org.springframework.web.servlet.DispatcherServlet$1] (value [org.springframework.web.servlet.DispatcherServlet$1@672a1733]) but failed to remove it when the web application was stopped. Threads are going to be renewed over time to try and avoid a probable memory leak.
21-Sep-2015 16:57:58.625 INFO [Thread-4] org.apache.coyote.AbstractProtocol.stop Stopping ProtocolHandler ["http-nio-8081"]
21-Sep-2015 16:58:03.714 WARNING [Thread-4] org.apache.tomcat.util.net.AbstractEndpoint.shutdownExecutor The executor associated with thread pool [http-nio-8081] has not fully shutdown. Some application threads may still be running.
21-Sep-2015 16:58:03.715 INFO [Thread-4] org.apache.coyote.AbstractProtocol.destroy Destroying ProtocolHandler ["http-nio-8081"]
