14-Oct-2015 16:17:21.303 SEVERE [WrapperSimpleAppMain] org.apache.catalina.startup.Catalina.initDirs Cannot find specified temporary folder at ../tomcat/temp
14-Oct-2015 16:17:22.558 INFO [WrapperSimpleAppMain] org.apache.coyote.AbstractProtocol.init Initializing ProtocolHandler ["http-nio-8081"]
14-Oct-2015 16:17:22.648 INFO [WrapperSimpleAppMain] org.apache.tomcat.util.net.NioSelectorPool.getSharedSelector Using a shared selector for servlet write/read
14-Oct-2015 16:17:22.653 INFO [WrapperSimpleAppMain] org.apache.catalina.startup.Catalina.load Initialization processed in 1354 ms
14-Oct-2015 16:17:22.730 INFO [WrapperSimpleAppMain] org.apache.catalina.core.StandardService.startInternal Starting service Catalina
14-Oct-2015 16:17:22.730 INFO [WrapperSimpleAppMain] org.apache.catalina.core.StandardEngine.startInternal Starting Servlet Engine: Apache Tomcat/8.0.15
14-Oct-2015 16:17:34.775 INFO [WrapperSimpleAppMain] org.apache.coyote.AbstractProtocol.start Starting ProtocolHandler ["http-nio-8081"]
14-Oct-2015 16:17:34.785 INFO [WrapperSimpleAppMain] org.apache.catalina.startup.Catalina.start Server startup in 12130 ms
14-Oct-2015 16:19:40.791 INFO [Thread-4] org.apache.coyote.AbstractProtocol.pause Pausing ProtocolHandler ["http-nio-8081"]
14-Oct-2015 16:19:40.846 INFO [Thread-4] org.apache.catalina.core.StandardService.stopInternal Stopping service Catalina
14-Oct-2015 16:19:40.890 WARNING [localhost-startStop-2] org.apache.catalina.loader.WebappClassLoaderBase.clearReferencesJdbc The web application [api] registered the JDBC driver [org.h2.Driver] but failed to unregister it when the web application was stopped. To prevent a memory leak, the JDBC Driver has been forcibly unregistered.
14-Oct-2015 16:19:40.890 WARNING [localhost-startStop-2] org.apache.catalina.loader.WebappClassLoaderBase.clearReferencesJdbc The web application [api] registered the JDBC driver [com.mysql.fabric.jdbc.FabricMySQLDriver] but failed to unregister it when the web application was stopped. To prevent a memory leak, the JDBC Driver has been forcibly unregistered.
14-Oct-2015 16:19:40.891 WARNING [localhost-startStop-2] org.apache.catalina.loader.WebappClassLoaderBase.clearReferencesJdbc The web application [api] registered the JDBC driver [com.mysql.jdbc.Driver] but failed to unregister it when the web application was stopped. To prevent a memory leak, the JDBC Driver has been forcibly unregistered.
14-Oct-2015 16:19:40.892 WARNING [localhost-startStop-2] org.apache.catalina.loader.WebappClassLoaderBase.clearReferencesThreads The web application [api] appears to have started a thread named [Abandoned connection cleanup thread] but has failed to stop it. This is very likely to create a memory leak. Stack trace of thread:
 java.lang.Object.wait(Native Method)
 java.lang.ref.ReferenceQueue.remove(ReferenceQueue.java:142)
 com.mysql.jdbc.AbandonedConnectionCleanupThread.run(AbandonedConnectionCleanupThread.java:41)
14-Oct-2015 16:19:40.913 INFO [Thread-4] org.apache.coyote.AbstractProtocol.stop Stopping ProtocolHandler ["http-nio-8081"]
14-Oct-2015 16:19:40.915 INFO [Thread-4] org.apache.coyote.AbstractProtocol.destroy Destroying ProtocolHandler ["http-nio-8081"]
14-Oct-2015 16:26:59.883 SEVERE [WrapperSimpleAppMain] org.apache.catalina.startup.Catalina.initDirs Cannot find specified temporary folder at ../tomcat/temp
14-Oct-2015 16:27:00.538 INFO [WrapperSimpleAppMain] org.apache.coyote.AbstractProtocol.init Initializing ProtocolHandler ["http-nio-8081"]
14-Oct-2015 16:27:00.584 INFO [WrapperSimpleAppMain] org.apache.tomcat.util.net.NioSelectorPool.getSharedSelector Using a shared selector for servlet write/read
14-Oct-2015 16:27:00.589 INFO [WrapperSimpleAppMain] org.apache.catalina.startup.Catalina.load Initialization processed in 706 ms
14-Oct-2015 16:27:00.602 INFO [WrapperSimpleAppMain] org.apache.catalina.core.StandardService.startInternal Starting service Catalina
14-Oct-2015 16:27:00.603 INFO [WrapperSimpleAppMain] org.apache.catalina.core.StandardEngine.startInternal Starting Servlet Engine: Apache Tomcat/8.0.15
14-Oct-2015 16:27:12.210 INFO [WrapperSimpleAppMain] org.apache.coyote.AbstractProtocol.start Starting ProtocolHandler ["http-nio-8081"]
14-Oct-2015 16:27:12.233 INFO [WrapperSimpleAppMain] org.apache.catalina.startup.Catalina.start Server startup in 11643 ms
14-Oct-2015 16:34:02.709 INFO [Thread-4] org.apache.coyote.AbstractProtocol.pause Pausing ProtocolHandler ["http-nio-8081"]
14-Oct-2015 16:34:02.763 INFO [Thread-4] org.apache.catalina.core.StandardService.stopInternal Stopping service Catalina
14-Oct-2015 16:34:02.791 WARNING [localhost-startStop-2] org.apache.catalina.loader.WebappClassLoaderBase.clearReferencesJdbc The web application [api] registered the JDBC driver [org.h2.Driver] but failed to unregister it when the web application was stopped. To prevent a memory leak, the JDBC Driver has been forcibly unregistered.
14-Oct-2015 16:34:02.792 WARNING [localhost-startStop-2] org.apache.catalina.loader.WebappClassLoaderBase.clearReferencesJdbc The web application [api] registered the JDBC driver [com.mysql.fabric.jdbc.FabricMySQLDriver] but failed to unregister it when the web application was stopped. To prevent a memory leak, the JDBC Driver has been forcibly unregistered.
14-Oct-2015 16:34:02.792 WARNING [localhost-startStop-2] org.apache.catalina.loader.WebappClassLoaderBase.clearReferencesJdbc The web application [api] registered the JDBC driver [com.mysql.jdbc.Driver] but failed to unregister it when the web application was stopped. To prevent a memory leak, the JDBC Driver has been forcibly unregistered.
14-Oct-2015 16:34:02.794 WARNING [localhost-startStop-2] org.apache.catalina.loader.WebappClassLoaderBase.clearReferencesThreads The web application [api] appears to have started a thread named [Abandoned connection cleanup thread] but has failed to stop it. This is very likely to create a memory leak. Stack trace of thread:
 java.lang.Object.wait(Native Method)
 java.lang.ref.ReferenceQueue.remove(ReferenceQueue.java:142)
 com.mysql.jdbc.AbandonedConnectionCleanupThread.run(AbandonedConnectionCleanupThread.java:41)
14-Oct-2015 16:34:02.804 INFO [Thread-4] org.apache.coyote.AbstractProtocol.stop Stopping ProtocolHandler ["http-nio-8081"]
14-Oct-2015 16:34:02.816 INFO [Thread-4] org.apache.coyote.AbstractProtocol.destroy Destroying ProtocolHandler ["http-nio-8081"]
14-Oct-2015 16:34:28.606 SEVERE [WrapperSimpleAppMain] org.apache.catalina.startup.Catalina.initDirs Cannot find specified temporary folder at ../tomcat/temp
14-Oct-2015 16:34:29.261 INFO [WrapperSimpleAppMain] org.apache.coyote.AbstractProtocol.init Initializing ProtocolHandler ["http-nio-8081"]
14-Oct-2015 16:34:29.317 INFO [WrapperSimpleAppMain] org.apache.tomcat.util.net.NioSelectorPool.getSharedSelector Using a shared selector for servlet write/read
14-Oct-2015 16:34:29.320 INFO [WrapperSimpleAppMain] org.apache.catalina.startup.Catalina.load Initialization processed in 715 ms
14-Oct-2015 16:34:29.330 INFO [WrapperSimpleAppMain] org.apache.catalina.core.StandardService.startInternal Starting service Catalina
14-Oct-2015 16:34:29.331 INFO [WrapperSimpleAppMain] org.apache.catalina.core.StandardEngine.startInternal Starting Servlet Engine: Apache Tomcat/8.0.15
14-Oct-2015 16:34:40.100 INFO [WrapperSimpleAppMain] org.apache.coyote.AbstractProtocol.start Starting ProtocolHandler ["http-nio-8081"]
14-Oct-2015 16:34:40.107 INFO [WrapperSimpleAppMain] org.apache.catalina.startup.Catalina.start Server startup in 10786 ms
14-Oct-2015 16:49:49.013 INFO [Thread-4] org.apache.coyote.AbstractProtocol.pause Pausing ProtocolHandler ["http-nio-8081"]
14-Oct-2015 16:49:49.073 INFO [Thread-4] org.apache.catalina.core.StandardService.stopInternal Stopping service Catalina
14-Oct-2015 16:49:49.932 WARNING [localhost-startStop-2] org.apache.catalina.loader.WebappClassLoaderBase.clearReferencesJdbc The web application [api] registered the JDBC driver [org.h2.Driver] but failed to unregister it when the web application was stopped. To prevent a memory leak, the JDBC Driver has been forcibly unregistered.
14-Oct-2015 16:49:49.932 WARNING [localhost-startStop-2] org.apache.catalina.loader.WebappClassLoaderBase.clearReferencesJdbc The web application [api] registered the JDBC driver [com.mysql.fabric.jdbc.FabricMySQLDriver] but failed to unregister it when the web application was stopped. To prevent a memory leak, the JDBC Driver has been forcibly unregistered.
14-Oct-2015 16:49:49.932 WARNING [localhost-startStop-2] org.apache.catalina.loader.WebappClassLoaderBase.clearReferencesJdbc The web application [api] registered the JDBC driver [com.mysql.jdbc.Driver] but failed to unregister it when the web application was stopped. To prevent a memory leak, the JDBC Driver has been forcibly unregistered.
14-Oct-2015 16:49:49.933 WARNING [localhost-startStop-2] org.apache.catalina.loader.WebappClassLoaderBase.clearReferencesThreads The web application [api] appears to have started a thread named [Abandoned connection cleanup thread] but has failed to stop it. This is very likely to create a memory leak. Stack trace of thread:
 java.lang.Object.wait(Native Method)
 java.lang.ref.ReferenceQueue.remove(ReferenceQueue.java:142)
 com.mysql.jdbc.AbandonedConnectionCleanupThread.run(AbandonedConnectionCleanupThread.java:41)
14-Oct-2015 16:49:49.937 INFO [Thread-4] org.apache.coyote.AbstractProtocol.stop Stopping ProtocolHandler ["http-nio-8081"]
14-Oct-2015 16:49:49.951 INFO [Thread-4] org.apache.coyote.AbstractProtocol.destroy Destroying ProtocolHandler ["http-nio-8081"]
14-Oct-2015 16:52:06.017 SEVERE [WrapperSimpleAppMain] org.apache.catalina.startup.Catalina.initDirs Cannot find specified temporary folder at ../tomcat/temp
14-Oct-2015 16:52:06.689 INFO [WrapperSimpleAppMain] org.apache.coyote.AbstractProtocol.init Initializing ProtocolHandler ["http-nio-8081"]
14-Oct-2015 16:52:06.714 INFO [WrapperSimpleAppMain] org.apache.tomcat.util.net.NioSelectorPool.getSharedSelector Using a shared selector for servlet write/read
14-Oct-2015 16:52:06.716 INFO [WrapperSimpleAppMain] org.apache.catalina.startup.Catalina.load Initialization processed in 701 ms
14-Oct-2015 16:52:06.730 INFO [WrapperSimpleAppMain] org.apache.catalina.core.StandardService.startInternal Starting service Catalina
14-Oct-2015 16:52:06.731 INFO [WrapperSimpleAppMain] org.apache.catalina.core.StandardEngine.startInternal Starting Servlet Engine: Apache Tomcat/8.0.15
14-Oct-2015 16:52:16.725 INFO [WrapperSimpleAppMain] org.apache.coyote.AbstractProtocol.start Starting ProtocolHandler ["http-nio-8081"]
14-Oct-2015 16:52:16.731 INFO [WrapperSimpleAppMain] org.apache.catalina.startup.Catalina.start Server startup in 10013 ms
14-Oct-2015 17:02:02.675 INFO [Thread-4] org.apache.coyote.AbstractProtocol.pause Pausing ProtocolHandler ["http-nio-8081"]
14-Oct-2015 17:02:02.729 INFO [Thread-4] org.apache.catalina.core.StandardService.stopInternal Stopping service Catalina
14-Oct-2015 17:02:02.774 WARNING [localhost-startStop-2] org.apache.catalina.loader.WebappClassLoaderBase.clearReferencesJdbc The web application [api] registered the JDBC driver [org.h2.Driver] but failed to unregister it when the web application was stopped. To prevent a memory leak, the JDBC Driver has been forcibly unregistered.
14-Oct-2015 17:02:02.774 WARNING [localhost-startStop-2] org.apache.catalina.loader.WebappClassLoaderBase.clearReferencesJdbc The web application [api] registered the JDBC driver [com.mysql.fabric.jdbc.FabricMySQLDriver] but failed to unregister it when the web application was stopped. To prevent a memory leak, the JDBC Driver has been forcibly unregistered.
14-Oct-2015 17:02:02.775 WARNING [localhost-startStop-2] org.apache.catalina.loader.WebappClassLoaderBase.clearReferencesJdbc The web application [api] registered the JDBC driver [com.mysql.jdbc.Driver] but failed to unregister it when the web application was stopped. To prevent a memory leak, the JDBC Driver has been forcibly unregistered.
14-Oct-2015 17:02:02.777 WARNING [localhost-startStop-2] org.apache.catalina.loader.WebappClassLoaderBase.clearReferencesThreads The web application [api] appears to have started a thread named [Abandoned connection cleanup thread] but has failed to stop it. This is very likely to create a memory leak. Stack trace of thread:
 java.lang.Object.wait(Native Method)
 java.lang.ref.ReferenceQueue.remove(ReferenceQueue.java:142)
 com.mysql.jdbc.AbandonedConnectionCleanupThread.run(AbandonedConnectionCleanupThread.java:41)
14-Oct-2015 17:02:02.790 INFO [Thread-4] org.apache.coyote.AbstractProtocol.stop Stopping ProtocolHandler ["http-nio-8081"]
14-Oct-2015 17:02:02.800 INFO [Thread-4] org.apache.coyote.AbstractProtocol.destroy Destroying ProtocolHandler ["http-nio-8081"]
14-Oct-2015 17:06:11.380 SEVERE [WrapperSimpleAppMain] org.apache.catalina.startup.Catalina.initDirs Cannot find specified temporary folder at ../tomcat/temp
14-Oct-2015 17:06:12.062 INFO [WrapperSimpleAppMain] org.apache.coyote.AbstractProtocol.init Initializing ProtocolHandler ["http-nio-8081"]
14-Oct-2015 17:06:12.111 INFO [WrapperSimpleAppMain] org.apache.tomcat.util.net.NioSelectorPool.getSharedSelector Using a shared selector for servlet write/read
14-Oct-2015 17:06:12.118 INFO [WrapperSimpleAppMain] org.apache.catalina.startup.Catalina.load Initialization processed in 738 ms
14-Oct-2015 17:06:12.162 INFO [WrapperSimpleAppMain] org.apache.catalina.core.StandardService.startInternal Starting service Catalina
14-Oct-2015 17:06:12.162 INFO [WrapperSimpleAppMain] org.apache.catalina.core.StandardEngine.startInternal Starting Servlet Engine: Apache Tomcat/8.0.15
14-Oct-2015 17:06:22.536 INFO [WrapperSimpleAppMain] org.apache.coyote.AbstractProtocol.start Starting ProtocolHandler ["http-nio-8081"]
14-Oct-2015 17:06:22.547 INFO [WrapperSimpleAppMain] org.apache.catalina.startup.Catalina.start Server startup in 10428 ms
14-Oct-2015 17:11:54.905 INFO [Thread-4] org.apache.coyote.AbstractProtocol.pause Pausing ProtocolHandler ["http-nio-8081"]
14-Oct-2015 17:11:54.959 INFO [Thread-4] org.apache.catalina.core.StandardService.stopInternal Stopping service Catalina
14-Oct-2015 17:11:54.998 WARNING [localhost-startStop-2] org.apache.catalina.loader.WebappClassLoaderBase.clearReferencesJdbc The web application [api] registered the JDBC driver [org.h2.Driver] but failed to unregister it when the web application was stopped. To prevent a memory leak, the JDBC Driver has been forcibly unregistered.
14-Oct-2015 17:11:54.999 WARNING [localhost-startStop-2] org.apache.catalina.loader.WebappClassLoaderBase.clearReferencesJdbc The web application [api] registered the JDBC driver [com.mysql.fabric.jdbc.FabricMySQLDriver] but failed to unregister it when the web application was stopped. To prevent a memory leak, the JDBC Driver has been forcibly unregistered.
14-Oct-2015 17:11:54.999 WARNING [localhost-startStop-2] org.apache.catalina.loader.WebappClassLoaderBase.clearReferencesJdbc The web application [api] registered the JDBC driver [com.mysql.jdbc.Driver] but failed to unregister it when the web application was stopped. To prevent a memory leak, the JDBC Driver has been forcibly unregistered.
14-Oct-2015 17:11:55.000 WARNING [localhost-startStop-2] org.apache.catalina.loader.WebappClassLoaderBase.clearReferencesThreads The web application [api] appears to have started a thread named [Abandoned connection cleanup thread] but has failed to stop it. This is very likely to create a memory leak. Stack trace of thread:
 java.lang.Object.wait(Native Method)
 java.lang.ref.ReferenceQueue.remove(ReferenceQueue.java:142)
 com.mysql.jdbc.AbandonedConnectionCleanupThread.run(AbandonedConnectionCleanupThread.java:41)
14-Oct-2015 17:11:55.016 INFO [Thread-4] org.apache.coyote.AbstractProtocol.stop Stopping ProtocolHandler ["http-nio-8081"]
14-Oct-2015 17:11:55.020 INFO [Thread-4] org.apache.coyote.AbstractProtocol.destroy Destroying ProtocolHandler ["http-nio-8081"]
14-Oct-2015 17:12:49.156 SEVERE [WrapperSimpleAppMain] org.apache.catalina.startup.Catalina.initDirs Cannot find specified temporary folder at ../tomcat/temp
14-Oct-2015 17:12:49.838 INFO [WrapperSimpleAppMain] org.apache.coyote.AbstractProtocol.init Initializing ProtocolHandler ["http-nio-8081"]
14-Oct-2015 17:12:49.863 INFO [WrapperSimpleAppMain] org.apache.tomcat.util.net.NioSelectorPool.getSharedSelector Using a shared selector for servlet write/read
14-Oct-2015 17:12:49.866 INFO [WrapperSimpleAppMain] org.apache.catalina.startup.Catalina.load Initialization processed in 712 ms
14-Oct-2015 17:12:49.888 INFO [WrapperSimpleAppMain] org.apache.catalina.core.StandardService.startInternal Starting service Catalina
14-Oct-2015 17:12:49.888 INFO [WrapperSimpleAppMain] org.apache.catalina.core.StandardEngine.startInternal Starting Servlet Engine: Apache Tomcat/8.0.15
14-Oct-2015 17:12:59.940 INFO [WrapperSimpleAppMain] org.apache.coyote.AbstractProtocol.start Starting ProtocolHandler ["http-nio-8081"]
14-Oct-2015 17:12:59.945 INFO [WrapperSimpleAppMain] org.apache.catalina.startup.Catalina.start Server startup in 10077 ms
14-Oct-2015 17:16:46.240 INFO [Thread-4] org.apache.coyote.AbstractProtocol.pause Pausing ProtocolHandler ["http-nio-8081"]
14-Oct-2015 17:16:46.295 INFO [Thread-4] org.apache.catalina.core.StandardService.stopInternal Stopping service Catalina
14-Oct-2015 17:16:46.350 WARNING [localhost-startStop-2] org.apache.catalina.loader.WebappClassLoaderBase.clearReferencesJdbc The web application [api] registered the JDBC driver [org.h2.Driver] but failed to unregister it when the web application was stopped. To prevent a memory leak, the JDBC Driver has been forcibly unregistered.
14-Oct-2015 17:16:46.350 WARNING [localhost-startStop-2] org.apache.catalina.loader.WebappClassLoaderBase.clearReferencesJdbc The web application [api] registered the JDBC driver [com.mysql.fabric.jdbc.FabricMySQLDriver] but failed to unregister it when the web application was stopped. To prevent a memory leak, the JDBC Driver has been forcibly unregistered.
14-Oct-2015 17:16:46.350 WARNING [localhost-startStop-2] org.apache.catalina.loader.WebappClassLoaderBase.clearReferencesJdbc The web application [api] registered the JDBC driver [com.mysql.jdbc.Driver] but failed to unregister it when the web application was stopped. To prevent a memory leak, the JDBC Driver has been forcibly unregistered.
14-Oct-2015 17:16:46.351 WARNING [localhost-startStop-2] org.apache.catalina.loader.WebappClassLoaderBase.clearReferencesThreads The web application [api] appears to have started a thread named [Abandoned connection cleanup thread] but has failed to stop it. This is very likely to create a memory leak. Stack trace of thread:
 java.lang.Object.wait(Native Method)
 java.lang.ref.ReferenceQueue.remove(ReferenceQueue.java:142)
 com.mysql.jdbc.AbandonedConnectionCleanupThread.run(AbandonedConnectionCleanupThread.java:41)
14-Oct-2015 17:16:46.365 INFO [Thread-4] org.apache.coyote.AbstractProtocol.stop Stopping ProtocolHandler ["http-nio-8081"]
14-Oct-2015 17:16:46.379 INFO [Thread-4] org.apache.coyote.AbstractProtocol.destroy Destroying ProtocolHandler ["http-nio-8081"]
14-Oct-2015 17:18:08.844 SEVERE [WrapperSimpleAppMain] org.apache.catalina.startup.Catalina.initDirs Cannot find specified temporary folder at ../tomcat/temp
14-Oct-2015 17:18:09.403 INFO [WrapperSimpleAppMain] org.apache.coyote.AbstractProtocol.init Initializing ProtocolHandler ["http-nio-8081"]
14-Oct-2015 17:18:09.436 INFO [WrapperSimpleAppMain] org.apache.tomcat.util.net.NioSelectorPool.getSharedSelector Using a shared selector for servlet write/read
14-Oct-2015 17:18:09.438 INFO [WrapperSimpleAppMain] org.apache.catalina.startup.Catalina.load Initialization processed in 594 ms
14-Oct-2015 17:18:09.447 INFO [WrapperSimpleAppMain] org.apache.catalina.core.StandardService.startInternal Starting service Catalina
14-Oct-2015 17:18:09.448 INFO [WrapperSimpleAppMain] org.apache.catalina.core.StandardEngine.startInternal Starting Servlet Engine: Apache Tomcat/8.0.15
14-Oct-2015 17:18:19.616 INFO [WrapperSimpleAppMain] org.apache.coyote.AbstractProtocol.start Starting ProtocolHandler ["http-nio-8081"]
14-Oct-2015 17:18:19.624 INFO [WrapperSimpleAppMain] org.apache.catalina.startup.Catalina.start Server startup in 10185 ms
14-Oct-2015 17:20:44.936 INFO [Thread-4] org.apache.coyote.AbstractProtocol.pause Pausing ProtocolHandler ["http-nio-8081"]
14-Oct-2015 17:20:44.988 INFO [Thread-4] org.apache.catalina.core.StandardService.stopInternal Stopping service Catalina
14-Oct-2015 17:20:45.032 WARNING [localhost-startStop-2] org.apache.catalina.loader.WebappClassLoaderBase.clearReferencesJdbc The web application [api] registered the JDBC driver [org.h2.Driver] but failed to unregister it when the web application was stopped. To prevent a memory leak, the JDBC Driver has been forcibly unregistered.
14-Oct-2015 17:20:45.033 WARNING [localhost-startStop-2] org.apache.catalina.loader.WebappClassLoaderBase.clearReferencesJdbc The web application [api] registered the JDBC driver [com.mysql.fabric.jdbc.FabricMySQLDriver] but failed to unregister it when the web application was stopped. To prevent a memory leak, the JDBC Driver has been forcibly unregistered.
14-Oct-2015 17:20:45.033 WARNING [localhost-startStop-2] org.apache.catalina.loader.WebappClassLoaderBase.clearReferencesJdbc The web application [api] registered the JDBC driver [com.mysql.jdbc.Driver] but failed to unregister it when the web application was stopped. To prevent a memory leak, the JDBC Driver has been forcibly unregistered.
14-Oct-2015 17:20:45.035 WARNING [localhost-startStop-2] org.apache.catalina.loader.WebappClassLoaderBase.clearReferencesThreads The web application [api] appears to have started a thread named [Abandoned connection cleanup thread] but has failed to stop it. This is very likely to create a memory leak. Stack trace of thread:
 java.lang.Object.wait(Native Method)
 java.lang.ref.ReferenceQueue.remove(ReferenceQueue.java:142)
 com.mysql.jdbc.AbandonedConnectionCleanupThread.run(AbandonedConnectionCleanupThread.java:41)
14-Oct-2015 17:20:45.041 INFO [Thread-4] org.apache.coyote.AbstractProtocol.stop Stopping ProtocolHandler ["http-nio-8081"]
14-Oct-2015 17:20:45.125 INFO [Thread-4] org.apache.coyote.AbstractProtocol.destroy Destroying ProtocolHandler ["http-nio-8081"]
14-Oct-2015 17:22:30.130 SEVERE [WrapperSimpleAppMain] org.apache.catalina.startup.Catalina.initDirs Cannot find specified temporary folder at ../tomcat/temp
14-Oct-2015 17:22:30.959 INFO [WrapperSimpleAppMain] org.apache.coyote.AbstractProtocol.init Initializing ProtocolHandler ["http-nio-8081"]
14-Oct-2015 17:22:31.043 INFO [WrapperSimpleAppMain] org.apache.tomcat.util.net.NioSelectorPool.getSharedSelector Using a shared selector for servlet write/read
14-Oct-2015 17:22:31.051 INFO [WrapperSimpleAppMain] org.apache.catalina.startup.Catalina.load Initialization processed in 921 ms
14-Oct-2015 17:22:31.088 INFO [WrapperSimpleAppMain] org.apache.catalina.core.StandardService.startInternal Starting service Catalina
14-Oct-2015 17:22:31.088 INFO [WrapperSimpleAppMain] org.apache.catalina.core.StandardEngine.startInternal Starting Servlet Engine: Apache Tomcat/8.0.15
14-Oct-2015 17:22:45.350 INFO [WrapperSimpleAppMain] org.apache.coyote.AbstractProtocol.start Starting ProtocolHandler ["http-nio-8081"]
14-Oct-2015 17:22:45.357 INFO [WrapperSimpleAppMain] org.apache.catalina.startup.Catalina.start Server startup in 14305 ms
14-Oct-2015 17:23:33.084 INFO [Thread-4] org.apache.coyote.AbstractProtocol.pause Pausing ProtocolHandler ["http-nio-8081"]
14-Oct-2015 17:23:33.136 INFO [Thread-4] org.apache.catalina.core.StandardService.stopInternal Stopping service Catalina
14-Oct-2015 17:23:33.182 WARNING [localhost-startStop-2] org.apache.catalina.loader.WebappClassLoaderBase.clearReferencesJdbc The web application [api] registered the JDBC driver [org.h2.Driver] but failed to unregister it when the web application was stopped. To prevent a memory leak, the JDBC Driver has been forcibly unregistered.
14-Oct-2015 17:23:33.183 WARNING [localhost-startStop-2] org.apache.catalina.loader.WebappClassLoaderBase.clearReferencesJdbc The web application [api] registered the JDBC driver [com.mysql.fabric.jdbc.FabricMySQLDriver] but failed to unregister it when the web application was stopped. To prevent a memory leak, the JDBC Driver has been forcibly unregistered.
14-Oct-2015 17:23:33.183 WARNING [localhost-startStop-2] org.apache.catalina.loader.WebappClassLoaderBase.clearReferencesJdbc The web application [api] registered the JDBC driver [com.mysql.jdbc.Driver] but failed to unregister it when the web application was stopped. To prevent a memory leak, the JDBC Driver has been forcibly unregistered.
14-Oct-2015 17:23:33.186 WARNING [localhost-startStop-2] org.apache.catalina.loader.WebappClassLoaderBase.clearReferencesThreads The web application [api] appears to have started a thread named [Abandoned connection cleanup thread] but has failed to stop it. This is very likely to create a memory leak. Stack trace of thread:
 java.lang.Object.wait(Native Method)
 java.lang.ref.ReferenceQueue.remove(ReferenceQueue.java:142)
 com.mysql.jdbc.AbandonedConnectionCleanupThread.run(AbandonedConnectionCleanupThread.java:41)
14-Oct-2015 17:23:33.197 INFO [Thread-4] org.apache.coyote.AbstractProtocol.stop Stopping ProtocolHandler ["http-nio-8081"]
14-Oct-2015 17:23:33.284 INFO [Thread-4] org.apache.coyote.AbstractProtocol.destroy Destroying ProtocolHandler ["http-nio-8081"]
14-Oct-2015 17:29:56.749 SEVERE [WrapperSimpleAppMain] org.apache.catalina.startup.Catalina.initDirs Cannot find specified temporary folder at ../tomcat/temp
14-Oct-2015 17:29:57.449 INFO [WrapperSimpleAppMain] org.apache.coyote.AbstractProtocol.init Initializing ProtocolHandler ["http-nio-8081"]
14-Oct-2015 17:29:57.479 INFO [WrapperSimpleAppMain] org.apache.tomcat.util.net.NioSelectorPool.getSharedSelector Using a shared selector for servlet write/read
14-Oct-2015 17:29:57.491 INFO [WrapperSimpleAppMain] org.apache.catalina.startup.Catalina.load Initialization processed in 741 ms
14-Oct-2015 17:29:57.515 INFO [WrapperSimpleAppMain] org.apache.catalina.core.StandardService.startInternal Starting service Catalina
14-Oct-2015 17:29:57.515 INFO [WrapperSimpleAppMain] org.apache.catalina.core.StandardEngine.startInternal Starting Servlet Engine: Apache Tomcat/8.0.15
14-Oct-2015 17:30:09.404 INFO [WrapperSimpleAppMain] org.apache.coyote.AbstractProtocol.start Starting ProtocolHandler ["http-nio-8081"]
14-Oct-2015 17:30:09.414 INFO [WrapperSimpleAppMain] org.apache.catalina.startup.Catalina.start Server startup in 11919 ms
14-Oct-2015 17:30:51.962 INFO [Thread-4] org.apache.coyote.AbstractProtocol.pause Pausing ProtocolHandler ["http-nio-8081"]
14-Oct-2015 17:30:52.016 INFO [Thread-4] org.apache.catalina.core.StandardService.stopInternal Stopping service Catalina
14-Oct-2015 17:30:52.068 WARNING [localhost-startStop-2] org.apache.catalina.loader.WebappClassLoaderBase.clearReferencesJdbc The web application [api] registered the JDBC driver [org.h2.Driver] but failed to unregister it when the web application was stopped. To prevent a memory leak, the JDBC Driver has been forcibly unregistered.
14-Oct-2015 17:30:52.069 WARNING [localhost-startStop-2] org.apache.catalina.loader.WebappClassLoaderBase.clearReferencesJdbc The web application [api] registered the JDBC driver [com.mysql.fabric.jdbc.FabricMySQLDriver] but failed to unregister it when the web application was stopped. To prevent a memory leak, the JDBC Driver has been forcibly unregistered.
14-Oct-2015 17:30:52.070 WARNING [localhost-startStop-2] org.apache.catalina.loader.WebappClassLoaderBase.clearReferencesJdbc The web application [api] registered the JDBC driver [com.mysql.jdbc.Driver] but failed to unregister it when the web application was stopped. To prevent a memory leak, the JDBC Driver has been forcibly unregistered.
14-Oct-2015 17:30:52.071 WARNING [localhost-startStop-2] org.apache.catalina.loader.WebappClassLoaderBase.clearReferencesThreads The web application [api] appears to have started a thread named [Abandoned connection cleanup thread] but has failed to stop it. This is very likely to create a memory leak. Stack trace of thread:
 java.lang.Object.wait(Native Method)
 java.lang.ref.ReferenceQueue.remove(ReferenceQueue.java:142)
 com.mysql.jdbc.AbandonedConnectionCleanupThread.run(AbandonedConnectionCleanupThread.java:41)
14-Oct-2015 17:30:52.098 INFO [Thread-4] org.apache.coyote.AbstractProtocol.stop Stopping ProtocolHandler ["http-nio-8081"]
14-Oct-2015 17:30:52.104 INFO [Thread-4] org.apache.coyote.AbstractProtocol.destroy Destroying ProtocolHandler ["http-nio-8081"]
14-Oct-2015 17:32:55.326 SEVERE [WrapperSimpleAppMain] org.apache.catalina.startup.Catalina.initDirs Cannot find specified temporary folder at ../tomcat/temp
14-Oct-2015 17:32:55.955 INFO [WrapperSimpleAppMain] org.apache.coyote.AbstractProtocol.init Initializing ProtocolHandler ["http-nio-8081"]
14-Oct-2015 17:32:55.984 INFO [WrapperSimpleAppMain] org.apache.tomcat.util.net.NioSelectorPool.getSharedSelector Using a shared selector for servlet write/read
14-Oct-2015 17:32:55.987 INFO [WrapperSimpleAppMain] org.apache.catalina.startup.Catalina.load Initialization processed in 662 ms
14-Oct-2015 17:32:56.004 INFO [WrapperSimpleAppMain] org.apache.catalina.core.StandardService.startInternal Starting service Catalina
14-Oct-2015 17:32:56.005 INFO [WrapperSimpleAppMain] org.apache.catalina.core.StandardEngine.startInternal Starting Servlet Engine: Apache Tomcat/8.0.15
14-Oct-2015 17:33:05.777 INFO [WrapperSimpleAppMain] org.apache.coyote.AbstractProtocol.start Starting ProtocolHandler ["http-nio-8081"]
14-Oct-2015 17:33:05.784 INFO [WrapperSimpleAppMain] org.apache.catalina.startup.Catalina.start Server startup in 9795 ms
14-Oct-2015 17:33:38.745 INFO [Thread-4] org.apache.coyote.AbstractProtocol.pause Pausing ProtocolHandler ["http-nio-8081"]
14-Oct-2015 17:33:38.798 INFO [Thread-4] org.apache.catalina.core.StandardService.stopInternal Stopping service Catalina
14-Oct-2015 17:33:38.853 WARNING [localhost-startStop-2] org.apache.catalina.loader.WebappClassLoaderBase.clearReferencesJdbc The web application [api] registered the JDBC driver [org.h2.Driver] but failed to unregister it when the web application was stopped. To prevent a memory leak, the JDBC Driver has been forcibly unregistered.
14-Oct-2015 17:33:38.853 WARNING [localhost-startStop-2] org.apache.catalina.loader.WebappClassLoaderBase.clearReferencesJdbc The web application [api] registered the JDBC driver [com.mysql.fabric.jdbc.FabricMySQLDriver] but failed to unregister it when the web application was stopped. To prevent a memory leak, the JDBC Driver has been forcibly unregistered.
14-Oct-2015 17:33:38.854 WARNING [localhost-startStop-2] org.apache.catalina.loader.WebappClassLoaderBase.clearReferencesJdbc The web application [api] registered the JDBC driver [com.mysql.jdbc.Driver] but failed to unregister it when the web application was stopped. To prevent a memory leak, the JDBC Driver has been forcibly unregistered.
14-Oct-2015 17:33:38.855 WARNING [localhost-startStop-2] org.apache.catalina.loader.WebappClassLoaderBase.clearReferencesThreads The web application [api] appears to have started a thread named [Abandoned connection cleanup thread] but has failed to stop it. This is very likely to create a memory leak. Stack trace of thread:
 java.lang.Object.wait(Native Method)
 java.lang.ref.ReferenceQueue.remove(ReferenceQueue.java:142)
 com.mysql.jdbc.AbandonedConnectionCleanupThread.run(AbandonedConnectionCleanupThread.java:41)
14-Oct-2015 17:33:38.865 INFO [Thread-4] org.apache.coyote.AbstractProtocol.stop Stopping ProtocolHandler ["http-nio-8081"]
14-Oct-2015 17:33:38.867 INFO [Thread-4] org.apache.coyote.AbstractProtocol.destroy Destroying ProtocolHandler ["http-nio-8081"]
14-Oct-2015 17:34:12.761 SEVERE [WrapperSimpleAppMain] org.apache.catalina.startup.Catalina.initDirs Cannot find specified temporary folder at ../tomcat/temp
14-Oct-2015 17:34:13.327 INFO [WrapperSimpleAppMain] org.apache.coyote.AbstractProtocol.init Initializing ProtocolHandler ["http-nio-8081"]
14-Oct-2015 17:34:13.361 INFO [WrapperSimpleAppMain] org.apache.tomcat.util.net.NioSelectorPool.getSharedSelector Using a shared selector for servlet write/read
14-Oct-2015 17:34:13.367 INFO [WrapperSimpleAppMain] org.apache.catalina.startup.Catalina.load Initialization processed in 606 ms
14-Oct-2015 17:34:13.380 INFO [WrapperSimpleAppMain] org.apache.catalina.core.StandardService.startInternal Starting service Catalina
14-Oct-2015 17:34:13.380 INFO [WrapperSimpleAppMain] org.apache.catalina.core.StandardEngine.startInternal Starting Servlet Engine: Apache Tomcat/8.0.15
14-Oct-2015 17:34:22.565 INFO [WrapperSimpleAppMain] org.apache.coyote.AbstractProtocol.start Starting ProtocolHandler ["http-nio-8081"]
14-Oct-2015 17:34:22.574 INFO [WrapperSimpleAppMain] org.apache.catalina.startup.Catalina.start Server startup in 9205 ms
14-Oct-2015 17:45:24.074 INFO [Thread-4] org.apache.coyote.AbstractProtocol.pause Pausing ProtocolHandler ["http-nio-8081"]
14-Oct-2015 17:45:24.136 INFO [Thread-4] org.apache.catalina.core.StandardService.stopInternal Stopping service Catalina
14-Oct-2015 17:45:24.187 WARNING [localhost-startStop-2] org.apache.catalina.loader.WebappClassLoaderBase.clearReferencesJdbc The web application [api] registered the JDBC driver [org.h2.Driver] but failed to unregister it when the web application was stopped. To prevent a memory leak, the JDBC Driver has been forcibly unregistered.
14-Oct-2015 17:45:24.189 WARNING [localhost-startStop-2] org.apache.catalina.loader.WebappClassLoaderBase.clearReferencesJdbc The web application [api] registered the JDBC driver [com.mysql.fabric.jdbc.FabricMySQLDriver] but failed to unregister it when the web application was stopped. To prevent a memory leak, the JDBC Driver has been forcibly unregistered.
14-Oct-2015 17:45:24.189 WARNING [localhost-startStop-2] org.apache.catalina.loader.WebappClassLoaderBase.clearReferencesJdbc The web application [api] registered the JDBC driver [com.mysql.jdbc.Driver] but failed to unregister it when the web application was stopped. To prevent a memory leak, the JDBC Driver has been forcibly unregistered.
14-Oct-2015 17:45:24.190 WARNING [localhost-startStop-2] org.apache.catalina.loader.WebappClassLoaderBase.clearReferencesThreads The web application [api] appears to have started a thread named [Abandoned connection cleanup thread] but has failed to stop it. This is very likely to create a memory leak. Stack trace of thread:
 java.lang.Object.wait(Native Method)
 java.lang.ref.ReferenceQueue.remove(ReferenceQueue.java:142)
 com.mysql.jdbc.AbandonedConnectionCleanupThread.run(AbandonedConnectionCleanupThread.java:41)
14-Oct-2015 17:45:24.211 INFO [Thread-4] org.apache.coyote.AbstractProtocol.stop Stopping ProtocolHandler ["http-nio-8081"]
14-Oct-2015 17:45:24.219 INFO [Thread-4] org.apache.coyote.AbstractProtocol.destroy Destroying ProtocolHandler ["http-nio-8081"]
14-Oct-2015 17:46:11.073 SEVERE [WrapperSimpleAppMain] org.apache.catalina.startup.Catalina.initDirs Cannot find specified temporary folder at ../tomcat/temp
14-Oct-2015 17:46:11.924 INFO [WrapperSimpleAppMain] org.apache.coyote.AbstractProtocol.init Initializing ProtocolHandler ["http-nio-8081"]
14-Oct-2015 17:46:11.952 INFO [WrapperSimpleAppMain] org.apache.tomcat.util.net.NioSelectorPool.getSharedSelector Using a shared selector for servlet write/read
14-Oct-2015 17:46:11.956 INFO [WrapperSimpleAppMain] org.apache.catalina.startup.Catalina.load Initialization processed in 885 ms
14-Oct-2015 17:46:11.964 INFO [WrapperSimpleAppMain] org.apache.catalina.core.StandardService.startInternal Starting service Catalina
14-Oct-2015 17:46:11.964 INFO [WrapperSimpleAppMain] org.apache.catalina.core.StandardEngine.startInternal Starting Servlet Engine: Apache Tomcat/8.0.15
14-Oct-2015 17:46:27.755 INFO [WrapperSimpleAppMain] org.apache.coyote.AbstractProtocol.start Starting ProtocolHandler ["http-nio-8081"]
14-Oct-2015 17:46:27.765 INFO [WrapperSimpleAppMain] org.apache.catalina.startup.Catalina.start Server startup in 15807 ms
14-Oct-2015 18:01:02.562 INFO [Thread-4] org.apache.coyote.AbstractProtocol.pause Pausing ProtocolHandler ["http-nio-8081"]
14-Oct-2015 18:01:02.614 INFO [Thread-4] org.apache.catalina.core.StandardService.stopInternal Stopping service Catalina
14-Oct-2015 18:01:02.684 WARNING [localhost-startStop-2] org.apache.catalina.loader.WebappClassLoaderBase.clearReferencesJdbc The web application [api] registered the JDBC driver [org.h2.Driver] but failed to unregister it when the web application was stopped. To prevent a memory leak, the JDBC Driver has been forcibly unregistered.
14-Oct-2015 18:01:02.684 WARNING [localhost-startStop-2] org.apache.catalina.loader.WebappClassLoaderBase.clearReferencesJdbc The web application [api] registered the JDBC driver [com.mysql.fabric.jdbc.FabricMySQLDriver] but failed to unregister it when the web application was stopped. To prevent a memory leak, the JDBC Driver has been forcibly unregistered.
14-Oct-2015 18:01:02.685 WARNING [localhost-startStop-2] org.apache.catalina.loader.WebappClassLoaderBase.clearReferencesJdbc The web application [api] registered the JDBC driver [com.mysql.jdbc.Driver] but failed to unregister it when the web application was stopped. To prevent a memory leak, the JDBC Driver has been forcibly unregistered.
14-Oct-2015 18:01:02.693 WARNING [localhost-startStop-2] org.apache.catalina.loader.WebappClassLoaderBase.clearReferencesThreads The web application [api] appears to have started a thread named [Abandoned connection cleanup thread] but has failed to stop it. This is very likely to create a memory leak. Stack trace of thread:
 java.lang.Object.wait(Native Method)
 java.lang.ref.ReferenceQueue.remove(ReferenceQueue.java:142)
 com.mysql.jdbc.AbandonedConnectionCleanupThread.run(AbandonedConnectionCleanupThread.java:41)
14-Oct-2015 18:01:02.706 INFO [Thread-4] org.apache.coyote.AbstractProtocol.stop Stopping ProtocolHandler ["http-nio-8081"]
14-Oct-2015 18:01:02.710 INFO [Thread-4] org.apache.coyote.AbstractProtocol.destroy Destroying ProtocolHandler ["http-nio-8081"]
14-Oct-2015 18:07:14.267 SEVERE [WrapperSimpleAppMain] org.apache.catalina.startup.Catalina.initDirs Cannot find specified temporary folder at ../tomcat/temp
14-Oct-2015 18:07:15.102 INFO [WrapperSimpleAppMain] org.apache.coyote.AbstractProtocol.init Initializing ProtocolHandler ["http-nio-8081"]
14-Oct-2015 18:07:15.131 INFO [WrapperSimpleAppMain] org.apache.tomcat.util.net.NioSelectorPool.getSharedSelector Using a shared selector for servlet write/read
14-Oct-2015 18:07:15.134 INFO [WrapperSimpleAppMain] org.apache.catalina.startup.Catalina.load Initialization processed in 867 ms
14-Oct-2015 18:07:15.143 INFO [WrapperSimpleAppMain] org.apache.catalina.core.StandardService.startInternal Starting service Catalina
14-Oct-2015 18:07:15.143 INFO [WrapperSimpleAppMain] org.apache.catalina.core.StandardEngine.startInternal Starting Servlet Engine: Apache Tomcat/8.0.15
14-Oct-2015 18:07:24.345 INFO [WrapperSimpleAppMain] org.apache.coyote.AbstractProtocol.start Starting ProtocolHandler ["http-nio-8081"]
14-Oct-2015 18:07:24.362 INFO [WrapperSimpleAppMain] org.apache.catalina.startup.Catalina.start Server startup in 9226 ms
14-Oct-2015 18:10:20.185 INFO [Thread-4] org.apache.coyote.AbstractProtocol.pause Pausing ProtocolHandler ["http-nio-8081"]
14-Oct-2015 18:10:20.240 INFO [Thread-4] org.apache.catalina.core.StandardService.stopInternal Stopping service Catalina
14-Oct-2015 18:10:20.268 WARNING [localhost-startStop-2] org.apache.catalina.loader.WebappClassLoaderBase.clearReferencesJdbc The web application [api] registered the JDBC driver [org.h2.Driver] but failed to unregister it when the web application was stopped. To prevent a memory leak, the JDBC Driver has been forcibly unregistered.
14-Oct-2015 18:10:20.268 WARNING [localhost-startStop-2] org.apache.catalina.loader.WebappClassLoaderBase.clearReferencesJdbc The web application [api] registered the JDBC driver [com.mysql.fabric.jdbc.FabricMySQLDriver] but failed to unregister it when the web application was stopped. To prevent a memory leak, the JDBC Driver has been forcibly unregistered.
14-Oct-2015 18:10:20.268 WARNING [localhost-startStop-2] org.apache.catalina.loader.WebappClassLoaderBase.clearReferencesJdbc The web application [api] registered the JDBC driver [com.mysql.jdbc.Driver] but failed to unregister it when the web application was stopped. To prevent a memory leak, the JDBC Driver has been forcibly unregistered.
14-Oct-2015 18:10:20.273 WARNING [localhost-startStop-2] org.apache.catalina.loader.WebappClassLoaderBase.clearReferencesThreads The web application [api] appears to have started a thread named [Abandoned connection cleanup thread] but has failed to stop it. This is very likely to create a memory leak. Stack trace of thread:
 java.lang.Object.wait(Native Method)
 java.lang.ref.ReferenceQueue.remove(ReferenceQueue.java:142)
 com.mysql.jdbc.AbandonedConnectionCleanupThread.run(AbandonedConnectionCleanupThread.java:41)
14-Oct-2015 18:10:20.285 INFO [Thread-4] org.apache.coyote.AbstractProtocol.stop Stopping ProtocolHandler ["http-nio-8081"]
14-Oct-2015 18:10:20.288 INFO [Thread-4] org.apache.coyote.AbstractProtocol.destroy Destroying ProtocolHandler ["http-nio-8081"]
14-Oct-2015 18:18:00.592 SEVERE [WrapperSimpleAppMain] org.apache.catalina.startup.Catalina.initDirs Cannot find specified temporary folder at ../tomcat/temp
14-Oct-2015 18:18:01.262 INFO [WrapperSimpleAppMain] org.apache.coyote.AbstractProtocol.init Initializing ProtocolHandler ["http-nio-8081"]
14-Oct-2015 18:18:01.319 INFO [WrapperSimpleAppMain] org.apache.tomcat.util.net.NioSelectorPool.getSharedSelector Using a shared selector for servlet write/read
14-Oct-2015 18:18:01.324 INFO [WrapperSimpleAppMain] org.apache.catalina.startup.Catalina.load Initialization processed in 732 ms
14-Oct-2015 18:18:01.344 INFO [WrapperSimpleAppMain] org.apache.catalina.core.StandardService.startInternal Starting service Catalina
14-Oct-2015 18:18:01.345 INFO [WrapperSimpleAppMain] org.apache.catalina.core.StandardEngine.startInternal Starting Servlet Engine: Apache Tomcat/8.0.15
14-Oct-2015 18:18:12.953 INFO [WrapperSimpleAppMain] org.apache.coyote.AbstractProtocol.start Starting ProtocolHandler ["http-nio-8081"]
14-Oct-2015 18:18:12.966 INFO [WrapperSimpleAppMain] org.apache.catalina.startup.Catalina.start Server startup in 11640 ms
14-Oct-2015 18:18:34.575 INFO [Thread-4] org.apache.coyote.AbstractProtocol.pause Pausing ProtocolHandler ["http-nio-8081"]
14-Oct-2015 18:18:34.630 INFO [Thread-4] org.apache.catalina.core.StandardService.stopInternal Stopping service Catalina
14-Oct-2015 18:18:34.674 WARNING [localhost-startStop-2] org.apache.catalina.loader.WebappClassLoaderBase.clearReferencesJdbc The web application [api] registered the JDBC driver [org.h2.Driver] but failed to unregister it when the web application was stopped. To prevent a memory leak, the JDBC Driver has been forcibly unregistered.
14-Oct-2015 18:18:34.674 WARNING [localhost-startStop-2] org.apache.catalina.loader.WebappClassLoaderBase.clearReferencesJdbc The web application [api] registered the JDBC driver [com.mysql.fabric.jdbc.FabricMySQLDriver] but failed to unregister it when the web application was stopped. To prevent a memory leak, the JDBC Driver has been forcibly unregistered.
14-Oct-2015 18:18:34.675 WARNING [localhost-startStop-2] org.apache.catalina.loader.WebappClassLoaderBase.clearReferencesJdbc The web application [api] registered the JDBC driver [com.mysql.jdbc.Driver] but failed to unregister it when the web application was stopped. To prevent a memory leak, the JDBC Driver has been forcibly unregistered.
14-Oct-2015 18:18:34.687 WARNING [localhost-startStop-2] org.apache.catalina.loader.WebappClassLoaderBase.clearReferencesThreads The web application [api] appears to have started a thread named [Abandoned connection cleanup thread] but has failed to stop it. This is very likely to create a memory leak. Stack trace of thread:
 java.lang.Object.wait(Native Method)
 java.lang.ref.ReferenceQueue.remove(ReferenceQueue.java:142)
 com.mysql.jdbc.AbandonedConnectionCleanupThread.run(AbandonedConnectionCleanupThread.java:41)
14-Oct-2015 18:18:34.700 INFO [Thread-4] org.apache.coyote.AbstractProtocol.stop Stopping ProtocolHandler ["http-nio-8081"]
14-Oct-2015 18:18:34.707 INFO [Thread-4] org.apache.coyote.AbstractProtocol.destroy Destroying ProtocolHandler ["http-nio-8081"]
14-Oct-2015 18:21:01.953 SEVERE [WrapperSimpleAppMain] org.apache.catalina.startup.Catalina.initDirs Cannot find specified temporary folder at ../tomcat/temp
14-Oct-2015 18:21:02.540 INFO [WrapperSimpleAppMain] org.apache.coyote.AbstractProtocol.init Initializing ProtocolHandler ["http-nio-8081"]
14-Oct-2015 18:21:02.571 INFO [WrapperSimpleAppMain] org.apache.tomcat.util.net.NioSelectorPool.getSharedSelector Using a shared selector for servlet write/read
14-Oct-2015 18:21:02.574 INFO [WrapperSimpleAppMain] org.apache.catalina.startup.Catalina.load Initialization processed in 625 ms
14-Oct-2015 18:21:02.590 INFO [WrapperSimpleAppMain] org.apache.catalina.core.StandardService.startInternal Starting service Catalina
14-Oct-2015 18:21:02.590 INFO [WrapperSimpleAppMain] org.apache.catalina.core.StandardEngine.startInternal Starting Servlet Engine: Apache Tomcat/8.0.15
14-Oct-2015 18:21:12.826 INFO [WrapperSimpleAppMain] org.apache.coyote.AbstractProtocol.start Starting ProtocolHandler ["http-nio-8081"]
14-Oct-2015 18:21:12.834 INFO [WrapperSimpleAppMain] org.apache.catalina.startup.Catalina.start Server startup in 10259 ms
14-Oct-2015 18:22:25.157 INFO [Thread-4] org.apache.coyote.AbstractProtocol.pause Pausing ProtocolHandler ["http-nio-8081"]
14-Oct-2015 18:22:25.209 INFO [Thread-4] org.apache.catalina.core.StandardService.stopInternal Stopping service Catalina
14-Oct-2015 18:22:25.217 INFO [localhost-startStop-2] org.apache.catalina.core.StandardWrapper.unload Waiting for 1 instance(s) to be deallocated for Servlet [service_dispatcher]
14-Oct-2015 18:22:26.235 INFO [localhost-startStop-2] org.apache.catalina.core.StandardWrapper.unload Waiting for 1 instance(s) to be deallocated for Servlet [service_dispatcher]
14-Oct-2015 18:22:27.262 INFO [localhost-startStop-2] org.apache.catalina.core.StandardWrapper.unload Waiting for 1 instance(s) to be deallocated for Servlet [service_dispatcher]
14-Oct-2015 18:22:27.406 WARNING [localhost-startStop-2] org.apache.catalina.loader.WebappClassLoaderBase.clearReferencesJdbc The web application [api] registered the JDBC driver [org.h2.Driver] but failed to unregister it when the web application was stopped. To prevent a memory leak, the JDBC Driver has been forcibly unregistered.
14-Oct-2015 18:22:27.407 WARNING [localhost-startStop-2] org.apache.catalina.loader.WebappClassLoaderBase.clearReferencesJdbc The web application [api] registered the JDBC driver [com.mysql.fabric.jdbc.FabricMySQLDriver] but failed to unregister it when the web application was stopped. To prevent a memory leak, the JDBC Driver has been forcibly unregistered.
14-Oct-2015 18:22:27.407 WARNING [localhost-startStop-2] org.apache.catalina.loader.WebappClassLoaderBase.clearReferencesJdbc The web application [api] registered the JDBC driver [com.mysql.jdbc.Driver] but failed to unregister it when the web application was stopped. To prevent a memory leak, the JDBC Driver has been forcibly unregistered.
14-Oct-2015 18:22:27.410 WARNING [localhost-startStop-2] org.apache.catalina.loader.WebappClassLoaderBase.clearReferencesThreads The web application [api] appears to have started a thread named [Abandoned connection cleanup thread] but has failed to stop it. This is very likely to create a memory leak. Stack trace of thread:
 java.lang.Object.wait(Native Method)
 java.lang.ref.ReferenceQueue.remove(ReferenceQueue.java:142)
 com.mysql.jdbc.AbandonedConnectionCleanupThread.run(AbandonedConnectionCleanupThread.java:41)
14-Oct-2015 18:22:27.411 WARNING [localhost-startStop-2] org.apache.catalina.loader.WebappClassLoaderBase.clearReferencesThreads The web application [api] is still processing a request that has yet to finish. This is very likely to create a memory leak. You can control the time allowed for requests to finish by using the unloadDelay attribute of the standard Context implementation. Stack trace of request processing thread:
 java.net.SocketInputStream.socketRead0(Native Method)
 java.net.SocketInputStream.read(SocketInputStream.java:150)
 java.net.SocketInputStream.read(SocketInputStream.java:121)
 com.mysql.jdbc.util.ReadAheadInputStream.fill(ReadAheadInputStream.java:112)
 com.mysql.jdbc.util.ReadAheadInputStream.readFromUnderlyingStreamIfNecessary(ReadAheadInputStream.java:159)
 com.mysql.jdbc.util.ReadAheadInputStream.read(ReadAheadInputStream.java:187)
 com.mysql.jdbc.MysqlIO.readFully(MysqlIO.java:3158)
 com.mysql.jdbc.MysqlIO.reuseAndReadPacket(MysqlIO.java:3615)
 com.mysql.jdbc.MysqlIO.reuseAndReadPacket(MysqlIO.java:3604)
 com.mysql.jdbc.MysqlIO.checkErrorPacket(MysqlIO.java:4155)
 com.mysql.jdbc.MysqlIO.sendCommand(MysqlIO.java:2615)
 com.mysql.jdbc.MysqlIO.sqlQueryDirect(MysqlIO.java:2776)
 com.mysql.jdbc.ConnectionImpl.execSQL(ConnectionImpl.java:2832)
 com.mysql.jdbc.ConnectionImpl.configureClientCharacterSet(ConnectionImpl.java:1937)
 com.mysql.jdbc.ConnectionImpl.initializePropsFromServer(ConnectionImpl.java:3720)
 com.mysql.jdbc.ConnectionImpl.connectOneTryOnly(ConnectionImpl.java:2554)
 com.mysql.jdbc.ConnectionImpl.createNewIO(ConnectionImpl.java:2321)
 com.mysql.jdbc.ConnectionImpl.<init>(ConnectionImpl.java:832)
 com.mysql.jdbc.JDBC4Connection.<init>(JDBC4Connection.java:46)
 sun.reflect.GeneratedConstructorAccessor25.newInstance(Unknown Source)
 sun.reflect.DelegatingConstructorAccessorImpl.newInstance(DelegatingConstructorAccessorImpl.java:45)
 java.lang.reflect.Constructor.newInstance(Constructor.java:408)
 com.mysql.jdbc.Util.handleNewInstance(Util.java:409)
 com.mysql.jdbc.ConnectionImpl.getInstance(ConnectionImpl.java:417)
 com.mysql.jdbc.NonRegisteringDriver.connect(NonRegisteringDriver.java:344)
 java.sql.DriverManager.getConnection(DriverManager.java:664)
 java.sql.DriverManager.getConnection(DriverManager.java:208)
 org.springframework.jdbc.datasource.DriverManagerDataSource.getConnectionFromDriverManager(DriverManagerDataSource.java:153)
 org.springframework.jdbc.datasource.DriverManagerDataSource.getConnectionFromDriver(DriverManagerDataSource.java:144)
 org.springframework.jdbc.datasource.AbstractDriverBasedDataSource.getConnectionFromDriver(AbstractDriverBasedDataSource.java:155)
 org.springframework.jdbc.datasource.AbstractDriverBasedDataSource.getConnection(AbstractDriverBasedDataSource.java:120)
 wedev.db.dao.round.CircleDAO.countLike(CircleDAO.java:120)
 wedev.db.dao.round.CircleDAO.queryActList(CircleDAO.java:103)
 com.anjibei.app.framework.services.round.CircleService.queryActList(CircleService.java:63)
 sun.reflect.NativeMethodAccessorImpl.invoke0(Native Method)
 sun.reflect.NativeMethodAccessorImpl.invoke(NativeMethodAccessorImpl.java:62)
 sun.reflect.DelegatingMethodAccessorImpl.invoke(DelegatingMethodAccessorImpl.java:43)
 java.lang.reflect.Method.invoke(Method.java:483)
 org.springframework.web.method.support.InvocableHandlerMethod.invoke(InvocableHandlerMethod.java:215)
 org.springframework.web.method.support.InvocableHandlerMethod.invokeForRequest(InvocableHandlerMethod.java:132)
 org.springframework.web.servlet.mvc.method.annotation.ServletInvocableHandlerMethod.invokeAndHandle(ServletInvocableHandlerMethod.java:104)
 org.springframework.web.servlet.mvc.method.annotation.RequestMappingHandlerAdapter.invokeHandleMethod(RequestMappingHandlerAdapter.java:781)
 org.springframework.web.servlet.mvc.method.annotation.RequestMappingHandlerAdapter.handleInternal(RequestMappingHandlerAdapter.java:721)
 org.springframework.web.servlet.mvc.method.AbstractHandlerMethodAdapter.handle(AbstractHandlerMethodAdapter.java:83)
 org.springframework.web.servlet.DispatcherServlet.doDispatch(DispatcherServlet.java:943)
 org.springframework.web.servlet.DispatcherServlet.doService(DispatcherServlet.java:877)
 org.springframework.web.servlet.FrameworkServlet.processRequest(FrameworkServlet.java:966)
 org.springframework.web.servlet.FrameworkServlet.doPost(FrameworkServlet.java:868)
 javax.servlet.http.HttpServlet.service(HttpServlet.java:644)
 org.springframework.web.servlet.FrameworkServlet.service(FrameworkServlet.java:842)
 javax.servlet.http.HttpServlet.service(HttpServlet.java:725)
 org.apache.catalina.core.ApplicationFilterChain.internalDoFilter(ApplicationFilterChain.java:291)
 org.apache.catalina.core.ApplicationFilterChain.doFilter(ApplicationFilterChain.java:206)
 org.apache.tomcat.websocket.server.WsFilter.doFilter(WsFilter.java:52)
 org.apache.catalina.core.ApplicationFilterChain.internalDoFilter(ApplicationFilterChain.java:239)
 org.apache.catalina.core.ApplicationFilterChain.doFilter(ApplicationFilterChain.java:206)
 org.apache.catalina.core.StandardWrapperValve.invoke(StandardWrapperValve.java:219)
 org.apache.catalina.core.StandardContextValve.invoke(StandardContextValve.java:106)
 org.apache.catalina.authenticator.AuthenticatorBase.invoke(AuthenticatorBase.java:501)
 org.apache.catalina.core.StandardHostValve.invoke(StandardHostValve.java:142)
 org.apache.catalina.valves.ErrorReportValve.invoke(ErrorReportValve.java:79)
 org.apache.catalina.core.StandardEngineValve.invoke(StandardEngineValve.java:88)
 org.apache.catalina.connector.CoyoteAdapter.service(CoyoteAdapter.java:537)
 org.apache.coyote.http11.AbstractHttp11Processor.process(AbstractHttp11Processor.java:1085)
 org.apache.coyote.AbstractProtocol$AbstractConnectionHandler.process(AbstractProtocol.java:658)
 org.apache.coyote.http11.Http11NioProtocol$Http11ConnectionHandler.process(Http11NioProtocol.java:222)
 org.apache.tomcat.util.net.NioEndpoint$SocketProcessor.doRun(NioEndpoint.java:1556)
 org.apache.tomcat.util.net.NioEndpoint$SocketProcessor.run(NioEndpoint.java:1513)
 java.util.concurrent.ThreadPoolExecutor.runWorker(ThreadPoolExecutor.java:1142)
 java.util.concurrent.ThreadPoolExecutor$Worker.run(ThreadPoolExecutor.java:617)
 org.apache.tomcat.util.threads.TaskThread$WrappingRunnable.run(TaskThread.java:61)
 java.lang.Thread.run(Thread.java:745)
14-Oct-2015 18:22:27.412 SEVERE [localhost-startStop-2] org.apache.catalina.loader.WebappClassLoaderBase.checkThreadLocalMapForLeaks The web application [api] created a ThreadLocal with key of type [org.springframework.core.NamedThreadLocal] (value [Request attributes]) and a value of type [org.springframework.web.context.request.ServletRequestAttributes] (value [org.apache.catalina.connector.RequestFacade@6ee0daa7]) but failed to remove it when the web application was stopped. Threads are going to be renewed over time to try and avoid a probable memory leak.
14-Oct-2015 18:22:27.412 SEVERE [localhost-startStop-2] org.apache.catalina.loader.WebappClassLoaderBase.checkThreadLocalMapForLeaks The web application [api] created a ThreadLocal with key of type [org.springframework.core.NamedThreadLocal] (value [Locale context]) and a value of type [org.springframework.web.servlet.DispatcherServlet$1] (value [org.springframework.web.servlet.DispatcherServlet$1@31c978c4]) but failed to remove it when the web application was stopped. Threads are going to be renewed over time to try and avoid a probable memory leak.
14-Oct-2015 18:22:27.424 INFO [Thread-4] org.apache.coyote.AbstractProtocol.stop Stopping ProtocolHandler ["http-nio-8081"]
14-Oct-2015 18:22:27.717 INFO [Thread-4] org.apache.coyote.AbstractProtocol.destroy Destroying ProtocolHandler ["http-nio-8081"]
14-Oct-2015 18:22:49.811 SEVERE [WrapperSimpleAppMain] org.apache.catalina.startup.Catalina.initDirs Cannot find specified temporary folder at ../tomcat/temp
14-Oct-2015 18:22:50.543 INFO [WrapperSimpleAppMain] org.apache.coyote.AbstractProtocol.init Initializing ProtocolHandler ["http-nio-8081"]
14-Oct-2015 18:22:50.608 INFO [WrapperSimpleAppMain] org.apache.tomcat.util.net.NioSelectorPool.getSharedSelector Using a shared selector for servlet write/read
14-Oct-2015 18:22:50.628 INFO [WrapperSimpleAppMain] org.apache.catalina.startup.Catalina.load Initialization processed in 819 ms
14-Oct-2015 18:22:50.635 INFO [WrapperSimpleAppMain] org.apache.catalina.core.StandardService.startInternal Starting service Catalina
14-Oct-2015 18:22:50.635 INFO [WrapperSimpleAppMain] org.apache.catalina.core.StandardEngine.startInternal Starting Servlet Engine: Apache Tomcat/8.0.15
14-Oct-2015 18:22:59.995 INFO [WrapperSimpleAppMain] org.apache.coyote.AbstractProtocol.start Starting ProtocolHandler ["http-nio-8081"]
14-Oct-2015 18:23:00.003 INFO [WrapperSimpleAppMain] org.apache.catalina.startup.Catalina.start Server startup in 9374 ms
14-Oct-2015 18:25:15.316 INFO [Thread-4] org.apache.coyote.AbstractProtocol.pause Pausing ProtocolHandler ["http-nio-8081"]
14-Oct-2015 18:25:15.372 INFO [Thread-4] org.apache.catalina.core.StandardService.stopInternal Stopping service Catalina
14-Oct-2015 18:25:15.417 WARNING [localhost-startStop-2] org.apache.catalina.loader.WebappClassLoaderBase.clearReferencesJdbc The web application [api] registered the JDBC driver [org.h2.Driver] but failed to unregister it when the web application was stopped. To prevent a memory leak, the JDBC Driver has been forcibly unregistered.
14-Oct-2015 18:25:15.418 WARNING [localhost-startStop-2] org.apache.catalina.loader.WebappClassLoaderBase.clearReferencesJdbc The web application [api] registered the JDBC driver [com.mysql.fabric.jdbc.FabricMySQLDriver] but failed to unregister it when the web application was stopped. To prevent a memory leak, the JDBC Driver has been forcibly unregistered.
14-Oct-2015 18:25:15.418 WARNING [localhost-startStop-2] org.apache.catalina.loader.WebappClassLoaderBase.clearReferencesJdbc The web application [api] registered the JDBC driver [com.mysql.jdbc.Driver] but failed to unregister it when the web application was stopped. To prevent a memory leak, the JDBC Driver has been forcibly unregistered.
14-Oct-2015 18:25:15.420 WARNING [localhost-startStop-2] org.apache.catalina.loader.WebappClassLoaderBase.clearReferencesThreads The web application [api] appears to have started a thread named [Abandoned connection cleanup thread] but has failed to stop it. This is very likely to create a memory leak. Stack trace of thread:
 java.lang.Object.wait(Native Method)
 java.lang.ref.ReferenceQueue.remove(ReferenceQueue.java:142)
 com.mysql.jdbc.AbandonedConnectionCleanupThread.run(AbandonedConnectionCleanupThread.java:41)
14-Oct-2015 18:25:15.428 INFO [Thread-4] org.apache.coyote.AbstractProtocol.stop Stopping ProtocolHandler ["http-nio-8081"]
14-Oct-2015 18:25:15.448 INFO [Thread-4] org.apache.coyote.AbstractProtocol.destroy Destroying ProtocolHandler ["http-nio-8081"]
14-Oct-2015 18:35:44.906 SEVERE [WrapperSimpleAppMain] org.apache.catalina.startup.Catalina.initDirs Cannot find specified temporary folder at ../tomcat/temp
14-Oct-2015 18:35:45.550 INFO [WrapperSimpleAppMain] org.apache.coyote.AbstractProtocol.init Initializing ProtocolHandler ["http-nio-8081"]
14-Oct-2015 18:35:45.579 INFO [WrapperSimpleAppMain] org.apache.tomcat.util.net.NioSelectorPool.getSharedSelector Using a shared selector for servlet write/read
14-Oct-2015 18:35:45.590 INFO [WrapperSimpleAppMain] org.apache.catalina.startup.Catalina.load Initialization processed in 685 ms
14-Oct-2015 18:35:45.623 INFO [WrapperSimpleAppMain] org.apache.catalina.core.StandardService.startInternal Starting service Catalina
14-Oct-2015 18:35:45.624 INFO [WrapperSimpleAppMain] org.apache.catalina.core.StandardEngine.startInternal Starting Servlet Engine: Apache Tomcat/8.0.15
14-Oct-2015 18:35:55.057 INFO [WrapperSimpleAppMain] org.apache.coyote.AbstractProtocol.start Starting ProtocolHandler ["http-nio-8081"]
14-Oct-2015 18:35:55.064 INFO [WrapperSimpleAppMain] org.apache.catalina.startup.Catalina.start Server startup in 9473 ms
14-Oct-2015 18:36:48.766 INFO [Thread-4] org.apache.coyote.AbstractProtocol.pause Pausing ProtocolHandler ["http-nio-8081"]
14-Oct-2015 18:36:48.819 INFO [Thread-4] org.apache.catalina.core.StandardService.stopInternal Stopping service Catalina
14-Oct-2015 18:36:48.856 WARNING [localhost-startStop-2] org.apache.catalina.loader.WebappClassLoaderBase.clearReferencesJdbc The web application [api] registered the JDBC driver [org.h2.Driver] but failed to unregister it when the web application was stopped. To prevent a memory leak, the JDBC Driver has been forcibly unregistered.
14-Oct-2015 18:36:48.857 WARNING [localhost-startStop-2] org.apache.catalina.loader.WebappClassLoaderBase.clearReferencesJdbc The web application [api] registered the JDBC driver [com.mysql.fabric.jdbc.FabricMySQLDriver] but failed to unregister it when the web application was stopped. To prevent a memory leak, the JDBC Driver has been forcibly unregistered.
14-Oct-2015 18:36:48.857 WARNING [localhost-startStop-2] org.apache.catalina.loader.WebappClassLoaderBase.clearReferencesJdbc The web application [api] registered the JDBC driver [com.mysql.jdbc.Driver] but failed to unregister it when the web application was stopped. To prevent a memory leak, the JDBC Driver has been forcibly unregistered.
14-Oct-2015 18:36:48.859 WARNING [localhost-startStop-2] org.apache.catalina.loader.WebappClassLoaderBase.clearReferencesThreads The web application [api] appears to have started a thread named [Abandoned connection cleanup thread] but has failed to stop it. This is very likely to create a memory leak. Stack trace of thread:
 java.lang.Object.wait(Native Method)
 java.lang.ref.ReferenceQueue.remove(ReferenceQueue.java:142)
 com.mysql.jdbc.AbandonedConnectionCleanupThread.run(AbandonedConnectionCleanupThread.java:41)
14-Oct-2015 18:36:48.868 INFO [Thread-4] org.apache.coyote.AbstractProtocol.stop Stopping ProtocolHandler ["http-nio-8081"]
14-Oct-2015 18:36:48.874 INFO [Thread-4] org.apache.coyote.AbstractProtocol.destroy Destroying ProtocolHandler ["http-nio-8081"]
14-Oct-2015 18:39:02.939 SEVERE [WrapperSimpleAppMain] org.apache.catalina.startup.Catalina.initDirs Cannot find specified temporary folder at ../tomcat/temp
14-Oct-2015 18:39:04.022 INFO [WrapperSimpleAppMain] org.apache.coyote.AbstractProtocol.init Initializing ProtocolHandler ["http-nio-8081"]
14-Oct-2015 18:39:04.066 INFO [WrapperSimpleAppMain] org.apache.tomcat.util.net.NioSelectorPool.getSharedSelector Using a shared selector for servlet write/read
14-Oct-2015 18:39:04.073 INFO [WrapperSimpleAppMain] org.apache.catalina.startup.Catalina.load Initialization processed in 1135 ms
14-Oct-2015 18:39:04.086 INFO [WrapperSimpleAppMain] org.apache.catalina.core.StandardService.startInternal Starting service Catalina
14-Oct-2015 18:39:04.086 INFO [WrapperSimpleAppMain] org.apache.catalina.core.StandardEngine.startInternal Starting Servlet Engine: Apache Tomcat/8.0.15
14-Oct-2015 18:39:13.839 INFO [WrapperSimpleAppMain] org.apache.coyote.AbstractProtocol.start Starting ProtocolHandler ["http-nio-8081"]
14-Oct-2015 18:39:13.850 INFO [WrapperSimpleAppMain] org.apache.catalina.startup.Catalina.start Server startup in 9776 ms
14-Oct-2015 18:40:30.079 INFO [Thread-4] org.apache.coyote.AbstractProtocol.pause Pausing ProtocolHandler ["http-nio-8081"]
14-Oct-2015 18:40:30.134 INFO [Thread-4] org.apache.catalina.core.StandardService.stopInternal Stopping service Catalina
14-Oct-2015 18:40:30.197 WARNING [localhost-startStop-2] org.apache.catalina.loader.WebappClassLoaderBase.clearReferencesJdbc The web application [api] registered the JDBC driver [org.h2.Driver] but failed to unregister it when the web application was stopped. To prevent a memory leak, the JDBC Driver has been forcibly unregistered.
14-Oct-2015 18:40:30.198 WARNING [localhost-startStop-2] org.apache.catalina.loader.WebappClassLoaderBase.clearReferencesJdbc The web application [api] registered the JDBC driver [com.mysql.fabric.jdbc.FabricMySQLDriver] but failed to unregister it when the web application was stopped. To prevent a memory leak, the JDBC Driver has been forcibly unregistered.
14-Oct-2015 18:40:30.199 WARNING [localhost-startStop-2] org.apache.catalina.loader.WebappClassLoaderBase.clearReferencesJdbc The web application [api] registered the JDBC driver [com.mysql.jdbc.Driver] but failed to unregister it when the web application was stopped. To prevent a memory leak, the JDBC Driver has been forcibly unregistered.
14-Oct-2015 18:40:30.202 WARNING [localhost-startStop-2] org.apache.catalina.loader.WebappClassLoaderBase.clearReferencesThreads The web application [api] appears to have started a thread named [Abandoned connection cleanup thread] but has failed to stop it. This is very likely to create a memory leak. Stack trace of thread:
 java.lang.Object.wait(Native Method)
 java.lang.ref.ReferenceQueue.remove(ReferenceQueue.java:142)
 com.mysql.jdbc.AbandonedConnectionCleanupThread.run(AbandonedConnectionCleanupThread.java:41)
14-Oct-2015 18:40:30.217 INFO [Thread-4] org.apache.coyote.AbstractProtocol.stop Stopping ProtocolHandler ["http-nio-8081"]
14-Oct-2015 18:40:30.223 INFO [Thread-4] org.apache.coyote.AbstractProtocol.destroy Destroying ProtocolHandler ["http-nio-8081"]
14-Oct-2015 18:47:37.274 SEVERE [WrapperSimpleAppMain] org.apache.catalina.startup.Catalina.initDirs Cannot find specified temporary folder at ../tomcat/temp
14-Oct-2015 18:47:38.368 INFO [WrapperSimpleAppMain] org.apache.coyote.AbstractProtocol.init Initializing ProtocolHandler ["http-nio-8081"]
14-Oct-2015 18:47:38.399 INFO [WrapperSimpleAppMain] org.apache.tomcat.util.net.NioSelectorPool.getSharedSelector Using a shared selector for servlet write/read
14-Oct-2015 18:47:38.405 INFO [WrapperSimpleAppMain] org.apache.catalina.startup.Catalina.load Initialization processed in 1131 ms
14-Oct-2015 18:47:38.417 INFO [WrapperSimpleAppMain] org.apache.catalina.core.StandardService.startInternal Starting service Catalina
14-Oct-2015 18:47:38.417 INFO [WrapperSimpleAppMain] org.apache.catalina.core.StandardEngine.startInternal Starting Servlet Engine: Apache Tomcat/8.0.15
14-Oct-2015 18:48:15.104 SEVERE [WrapperSimpleAppMain] org.apache.catalina.startup.Catalina.initDirs Cannot find specified temporary folder at ../tomcat/temp
14-Oct-2015 18:48:41.283 SEVERE [WrapperSimpleAppMain] org.apache.catalina.startup.Catalina.initDirs Cannot find specified temporary folder at ../tomcat/temp
14-Oct-2015 18:48:42.027 INFO [WrapperSimpleAppMain] org.apache.coyote.AbstractProtocol.init Initializing ProtocolHandler ["http-nio-8081"]
14-Oct-2015 18:48:42.077 INFO [WrapperSimpleAppMain] org.apache.tomcat.util.net.NioSelectorPool.getSharedSelector Using a shared selector for servlet write/read
14-Oct-2015 18:48:42.082 INFO [WrapperSimpleAppMain] org.apache.catalina.startup.Catalina.load Initialization processed in 800 ms
14-Oct-2015 18:48:42.102 INFO [WrapperSimpleAppMain] org.apache.catalina.core.StandardService.startInternal Starting service Catalina
14-Oct-2015 18:48:42.104 INFO [WrapperSimpleAppMain] org.apache.catalina.core.StandardEngine.startInternal Starting Servlet Engine: Apache Tomcat/8.0.15
14-Oct-2015 18:48:53.826 INFO [WrapperSimpleAppMain] org.apache.coyote.AbstractProtocol.start Starting ProtocolHandler ["http-nio-8081"]
14-Oct-2015 18:48:53.833 INFO [WrapperSimpleAppMain] org.apache.catalina.startup.Catalina.start Server startup in 11749 ms
14-Oct-2015 22:42:27.288 INFO [Thread-4] org.apache.coyote.AbstractProtocol.pause Pausing ProtocolHandler ["http-nio-8081"]
14-Oct-2015 22:42:27.342 INFO [Thread-4] org.apache.catalina.core.StandardService.stopInternal Stopping service Catalina
14-Oct-2015 22:42:27.389 WARNING [localhost-startStop-2] org.apache.catalina.loader.WebappClassLoaderBase.clearReferencesJdbc The web application [api] registered the JDBC driver [org.h2.Driver] but failed to unregister it when the web application was stopped. To prevent a memory leak, the JDBC Driver has been forcibly unregistered.
14-Oct-2015 22:42:27.389 WARNING [localhost-startStop-2] org.apache.catalina.loader.WebappClassLoaderBase.clearReferencesJdbc The web application [api] registered the JDBC driver [com.mysql.fabric.jdbc.FabricMySQLDriver] but failed to unregister it when the web application was stopped. To prevent a memory leak, the JDBC Driver has been forcibly unregistered.
14-Oct-2015 22:42:27.390 WARNING [localhost-startStop-2] org.apache.catalina.loader.WebappClassLoaderBase.clearReferencesJdbc The web application [api] registered the JDBC driver [com.mysql.jdbc.Driver] but failed to unregister it when the web application was stopped. To prevent a memory leak, the JDBC Driver has been forcibly unregistered.
14-Oct-2015 22:42:27.391 WARNING [localhost-startStop-2] org.apache.catalina.loader.WebappClassLoaderBase.clearReferencesThreads The web application [api] appears to have started a thread named [Abandoned connection cleanup thread] but has failed to stop it. This is very likely to create a memory leak. Stack trace of thread:
 java.lang.Object.wait(Native Method)
 java.lang.ref.ReferenceQueue.remove(ReferenceQueue.java:142)
 com.mysql.jdbc.AbandonedConnectionCleanupThread.run(AbandonedConnectionCleanupThread.java:41)
14-Oct-2015 22:42:27.399 INFO [Thread-4] org.apache.coyote.AbstractProtocol.stop Stopping ProtocolHandler ["http-nio-8081"]
14-Oct-2015 22:42:27.403 INFO [Thread-4] org.apache.coyote.AbstractProtocol.destroy Destroying ProtocolHandler ["http-nio-8081"]
